ARM GAS  /var/folders/y1/mrm7396d3yl40ryf_xr6m12h0000gn/T//cca26eBZ.s 			page 1


   1              		.cpu cortex-m4
   2              		.eabi_attribute 27, 1
   3              		.eabi_attribute 28, 1
   4              		.eabi_attribute 20, 1
   5              		.eabi_attribute 21, 1
   6              		.eabi_attribute 23, 3
   7              		.eabi_attribute 24, 1
   8              		.eabi_attribute 25, 1
   9              		.eabi_attribute 26, 1
  10              		.eabi_attribute 30, 1
  11              		.eabi_attribute 34, 1
  12              		.eabi_attribute 18, 4
  13              		.file	"stm32f4xx_it.c"
  14              		.text
  15              	.Ltext0:
  16              		.cfi_sections	.debug_frame
  17              		.section	.text.NMI_Handler,"ax",%progbits
  18              		.align	1
  19              		.global	NMI_Handler
  20              		.arch armv7e-m
  21              		.syntax unified
  22              		.thumb
  23              		.thumb_func
  24              		.fpu fpv4-sp-d16
  26              	NMI_Handler:
  27              	.LFB239:
  28              		.file 1 "Core/Src/stm32f4xx_it.c"
   1:Core/Src/stm32f4xx_it.c **** /* USER CODE BEGIN Header */
   2:Core/Src/stm32f4xx_it.c **** /**
   3:Core/Src/stm32f4xx_it.c ****   ******************************************************************************
   4:Core/Src/stm32f4xx_it.c ****   * @file    stm32f4xx_it.c
   5:Core/Src/stm32f4xx_it.c ****   * @brief   Interrupt Service Routines.
   6:Core/Src/stm32f4xx_it.c ****   ******************************************************************************
   7:Core/Src/stm32f4xx_it.c ****   * @attention
   8:Core/Src/stm32f4xx_it.c ****   *
   9:Core/Src/stm32f4xx_it.c ****   * <h2><center>&copy; Copyright (c) 2021 STMicroelectronics.
  10:Core/Src/stm32f4xx_it.c ****   * All rights reserved.</center></h2>
  11:Core/Src/stm32f4xx_it.c ****   *
  12:Core/Src/stm32f4xx_it.c ****   * This software component is licensed by ST under Ultimate Liberty license
  13:Core/Src/stm32f4xx_it.c ****   * SLA0044, the "License"; You may not use this file except in compliance with
  14:Core/Src/stm32f4xx_it.c ****   * the License. You may obtain a copy of the License at:
  15:Core/Src/stm32f4xx_it.c ****   *                             www.st.com/SLA0044
  16:Core/Src/stm32f4xx_it.c ****   *
  17:Core/Src/stm32f4xx_it.c ****   ******************************************************************************
  18:Core/Src/stm32f4xx_it.c ****   */
  19:Core/Src/stm32f4xx_it.c **** /* USER CODE END Header */
  20:Core/Src/stm32f4xx_it.c **** 
  21:Core/Src/stm32f4xx_it.c **** /* Includes ------------------------------------------------------------------*/
  22:Core/Src/stm32f4xx_it.c **** #include "main.h"
  23:Core/Src/stm32f4xx_it.c **** #include "stm32f4xx_it.h"
  24:Core/Src/stm32f4xx_it.c **** #include "FreeRTOS.h"
  25:Core/Src/stm32f4xx_it.c **** #include "task.h"
  26:Core/Src/stm32f4xx_it.c **** /* Private includes ----------------------------------------------------------*/
  27:Core/Src/stm32f4xx_it.c **** /* USER CODE BEGIN Includes */
  28:Core/Src/stm32f4xx_it.c **** /* USER CODE END Includes */
  29:Core/Src/stm32f4xx_it.c **** 
  30:Core/Src/stm32f4xx_it.c **** /* Private typedef -----------------------------------------------------------*/
ARM GAS  /var/folders/y1/mrm7396d3yl40ryf_xr6m12h0000gn/T//cca26eBZ.s 			page 2


  31:Core/Src/stm32f4xx_it.c **** /* USER CODE BEGIN TD */
  32:Core/Src/stm32f4xx_it.c **** 
  33:Core/Src/stm32f4xx_it.c **** /* USER CODE END TD */
  34:Core/Src/stm32f4xx_it.c **** 
  35:Core/Src/stm32f4xx_it.c **** /* Private define ------------------------------------------------------------*/
  36:Core/Src/stm32f4xx_it.c **** /* USER CODE BEGIN PD */
  37:Core/Src/stm32f4xx_it.c **** 
  38:Core/Src/stm32f4xx_it.c **** /* USER CODE END PD */
  39:Core/Src/stm32f4xx_it.c **** 
  40:Core/Src/stm32f4xx_it.c **** /* Private macro -------------------------------------------------------------*/
  41:Core/Src/stm32f4xx_it.c **** /* USER CODE BEGIN PM */
  42:Core/Src/stm32f4xx_it.c **** 
  43:Core/Src/stm32f4xx_it.c **** /* USER CODE END PM */
  44:Core/Src/stm32f4xx_it.c **** 
  45:Core/Src/stm32f4xx_it.c **** /* Private variables ---------------------------------------------------------*/
  46:Core/Src/stm32f4xx_it.c **** /* USER CODE BEGIN PV */
  47:Core/Src/stm32f4xx_it.c **** 
  48:Core/Src/stm32f4xx_it.c **** /* USER CODE END PV */
  49:Core/Src/stm32f4xx_it.c **** 
  50:Core/Src/stm32f4xx_it.c **** /* Private function prototypes -----------------------------------------------*/
  51:Core/Src/stm32f4xx_it.c **** /* USER CODE BEGIN PFP */
  52:Core/Src/stm32f4xx_it.c **** 
  53:Core/Src/stm32f4xx_it.c **** /* USER CODE END PFP */
  54:Core/Src/stm32f4xx_it.c **** 
  55:Core/Src/stm32f4xx_it.c **** /* Private user code ---------------------------------------------------------*/
  56:Core/Src/stm32f4xx_it.c **** /* USER CODE BEGIN 0 */
  57:Core/Src/stm32f4xx_it.c **** 
  58:Core/Src/stm32f4xx_it.c **** /* USER CODE END 0 */
  59:Core/Src/stm32f4xx_it.c **** 
  60:Core/Src/stm32f4xx_it.c **** /* External variables --------------------------------------------------------*/
  61:Core/Src/stm32f4xx_it.c **** extern UART_HandleTypeDef huart3;
  62:Core/Src/stm32f4xx_it.c **** /* USER CODE BEGIN EV */
  63:Core/Src/stm32f4xx_it.c **** 
  64:Core/Src/stm32f4xx_it.c **** /* USER CODE END EV */
  65:Core/Src/stm32f4xx_it.c **** 
  66:Core/Src/stm32f4xx_it.c **** /******************************************************************************/
  67:Core/Src/stm32f4xx_it.c **** /*           Cortex-M4 Processor Interruption and Exception Handlers          */
  68:Core/Src/stm32f4xx_it.c **** /******************************************************************************/
  69:Core/Src/stm32f4xx_it.c **** /**
  70:Core/Src/stm32f4xx_it.c ****   * @brief This function handles Non maskable interrupt.
  71:Core/Src/stm32f4xx_it.c ****   */
  72:Core/Src/stm32f4xx_it.c **** void NMI_Handler(void)
  73:Core/Src/stm32f4xx_it.c **** {
  29              		.loc 1 73 1 view -0
  30              		.cfi_startproc
  31              		@ Volatile: function does not return.
  32              		@ args = 0, pretend = 0, frame = 0
  33              		@ frame_needed = 0, uses_anonymous_args = 0
  34              		@ link register save eliminated.
  35              	.L2:
  74:Core/Src/stm32f4xx_it.c ****   /* USER CODE BEGIN NonMaskableInt_IRQn 0 */
  75:Core/Src/stm32f4xx_it.c **** 
  76:Core/Src/stm32f4xx_it.c ****   /* USER CODE END NonMaskableInt_IRQn 0 */
  77:Core/Src/stm32f4xx_it.c ****   /* USER CODE BEGIN NonMaskableInt_IRQn 1 */
  78:Core/Src/stm32f4xx_it.c ****   while (1)
  36              		.loc 1 78 3 discriminator 1 view .LVU1
  79:Core/Src/stm32f4xx_it.c ****   {
ARM GAS  /var/folders/y1/mrm7396d3yl40ryf_xr6m12h0000gn/T//cca26eBZ.s 			page 3


  80:Core/Src/stm32f4xx_it.c ****   }
  37              		.loc 1 80 3 discriminator 1 view .LVU2
  78:Core/Src/stm32f4xx_it.c ****   {
  38              		.loc 1 78 9 discriminator 1 view .LVU3
  39 0000 FEE7     		b	.L2
  40              		.cfi_endproc
  41              	.LFE239:
  43              		.section	.text.HardFault_Handler,"ax",%progbits
  44              		.align	1
  45              		.global	HardFault_Handler
  46              		.syntax unified
  47              		.thumb
  48              		.thumb_func
  49              		.fpu fpv4-sp-d16
  51              	HardFault_Handler:
  52              	.LFB240:
  81:Core/Src/stm32f4xx_it.c ****   /* USER CODE END NonMaskableInt_IRQn 1 */
  82:Core/Src/stm32f4xx_it.c **** }
  83:Core/Src/stm32f4xx_it.c **** 
  84:Core/Src/stm32f4xx_it.c **** /**
  85:Core/Src/stm32f4xx_it.c ****   * @brief This function handles Hard fault interrupt.
  86:Core/Src/stm32f4xx_it.c ****   */
  87:Core/Src/stm32f4xx_it.c **** void HardFault_Handler(void)
  88:Core/Src/stm32f4xx_it.c **** {
  53              		.loc 1 88 1 view -0
  54              		.cfi_startproc
  55              		@ Volatile: function does not return.
  56              		@ args = 0, pretend = 0, frame = 0
  57              		@ frame_needed = 0, uses_anonymous_args = 0
  58              		@ link register save eliminated.
  59              	.L4:
  89:Core/Src/stm32f4xx_it.c ****   /* USER CODE BEGIN HardFault_IRQn 0 */
  90:Core/Src/stm32f4xx_it.c **** 
  91:Core/Src/stm32f4xx_it.c ****   /* USER CODE END HardFault_IRQn 0 */
  92:Core/Src/stm32f4xx_it.c ****   while (1)
  60              		.loc 1 92 3 discriminator 1 view .LVU5
  93:Core/Src/stm32f4xx_it.c ****   {
  94:Core/Src/stm32f4xx_it.c ****     /* USER CODE BEGIN W1_HardFault_IRQn 0 */
  95:Core/Src/stm32f4xx_it.c ****     /* USER CODE END W1_HardFault_IRQn 0 */
  96:Core/Src/stm32f4xx_it.c ****   }
  61              		.loc 1 96 3 discriminator 1 view .LVU6
  92:Core/Src/stm32f4xx_it.c ****   {
  62              		.loc 1 92 9 discriminator 1 view .LVU7
  63 0000 FEE7     		b	.L4
  64              		.cfi_endproc
  65              	.LFE240:
  67              		.section	.text.MemManage_Handler,"ax",%progbits
  68              		.align	1
  69              		.global	MemManage_Handler
  70              		.syntax unified
  71              		.thumb
  72              		.thumb_func
  73              		.fpu fpv4-sp-d16
  75              	MemManage_Handler:
  76              	.LFB241:
  97:Core/Src/stm32f4xx_it.c **** }
  98:Core/Src/stm32f4xx_it.c **** 
ARM GAS  /var/folders/y1/mrm7396d3yl40ryf_xr6m12h0000gn/T//cca26eBZ.s 			page 4


  99:Core/Src/stm32f4xx_it.c **** /**
 100:Core/Src/stm32f4xx_it.c ****   * @brief This function handles Memory management fault.
 101:Core/Src/stm32f4xx_it.c ****   */
 102:Core/Src/stm32f4xx_it.c **** void MemManage_Handler(void)
 103:Core/Src/stm32f4xx_it.c **** {
  77              		.loc 1 103 1 view -0
  78              		.cfi_startproc
  79              		@ Volatile: function does not return.
  80              		@ args = 0, pretend = 0, frame = 0
  81              		@ frame_needed = 0, uses_anonymous_args = 0
  82              		@ link register save eliminated.
  83              	.L6:
 104:Core/Src/stm32f4xx_it.c ****   /* USER CODE BEGIN MemoryManagement_IRQn 0 */
 105:Core/Src/stm32f4xx_it.c **** 
 106:Core/Src/stm32f4xx_it.c ****   /* USER CODE END MemoryManagement_IRQn 0 */
 107:Core/Src/stm32f4xx_it.c ****   while (1)
  84              		.loc 1 107 3 discriminator 1 view .LVU9
 108:Core/Src/stm32f4xx_it.c ****   {
 109:Core/Src/stm32f4xx_it.c ****     /* USER CODE BEGIN W1_MemoryManagement_IRQn 0 */
 110:Core/Src/stm32f4xx_it.c ****     /* USER CODE END W1_MemoryManagement_IRQn 0 */
 111:Core/Src/stm32f4xx_it.c ****   }
  85              		.loc 1 111 3 discriminator 1 view .LVU10
 107:Core/Src/stm32f4xx_it.c ****   {
  86              		.loc 1 107 9 discriminator 1 view .LVU11
  87 0000 FEE7     		b	.L6
  88              		.cfi_endproc
  89              	.LFE241:
  91              		.section	.text.BusFault_Handler,"ax",%progbits
  92              		.align	1
  93              		.global	BusFault_Handler
  94              		.syntax unified
  95              		.thumb
  96              		.thumb_func
  97              		.fpu fpv4-sp-d16
  99              	BusFault_Handler:
 100              	.LFB242:
 112:Core/Src/stm32f4xx_it.c **** }
 113:Core/Src/stm32f4xx_it.c **** 
 114:Core/Src/stm32f4xx_it.c **** /**
 115:Core/Src/stm32f4xx_it.c ****   * @brief This function handles Pre-fetch fault, memory access fault.
 116:Core/Src/stm32f4xx_it.c ****   */
 117:Core/Src/stm32f4xx_it.c **** void BusFault_Handler(void)
 118:Core/Src/stm32f4xx_it.c **** {
 101              		.loc 1 118 1 view -0
 102              		.cfi_startproc
 103              		@ Volatile: function does not return.
 104              		@ args = 0, pretend = 0, frame = 0
 105              		@ frame_needed = 0, uses_anonymous_args = 0
 106              		@ link register save eliminated.
 107              	.L8:
 119:Core/Src/stm32f4xx_it.c ****   /* USER CODE BEGIN BusFault_IRQn 0 */
 120:Core/Src/stm32f4xx_it.c **** 
 121:Core/Src/stm32f4xx_it.c ****   /* USER CODE END BusFault_IRQn 0 */
 122:Core/Src/stm32f4xx_it.c ****   while (1)
 108              		.loc 1 122 3 discriminator 1 view .LVU13
 123:Core/Src/stm32f4xx_it.c ****   {
 124:Core/Src/stm32f4xx_it.c ****     /* USER CODE BEGIN W1_BusFault_IRQn 0 */
ARM GAS  /var/folders/y1/mrm7396d3yl40ryf_xr6m12h0000gn/T//cca26eBZ.s 			page 5


 125:Core/Src/stm32f4xx_it.c ****     /* USER CODE END W1_BusFault_IRQn 0 */
 126:Core/Src/stm32f4xx_it.c ****   }
 109              		.loc 1 126 3 discriminator 1 view .LVU14
 122:Core/Src/stm32f4xx_it.c ****   {
 110              		.loc 1 122 9 discriminator 1 view .LVU15
 111 0000 FEE7     		b	.L8
 112              		.cfi_endproc
 113              	.LFE242:
 115              		.section	.text.UsageFault_Handler,"ax",%progbits
 116              		.align	1
 117              		.global	UsageFault_Handler
 118              		.syntax unified
 119              		.thumb
 120              		.thumb_func
 121              		.fpu fpv4-sp-d16
 123              	UsageFault_Handler:
 124              	.LFB243:
 127:Core/Src/stm32f4xx_it.c **** }
 128:Core/Src/stm32f4xx_it.c **** 
 129:Core/Src/stm32f4xx_it.c **** /**
 130:Core/Src/stm32f4xx_it.c ****   * @brief This function handles Undefined instruction or illegal state.
 131:Core/Src/stm32f4xx_it.c ****   */
 132:Core/Src/stm32f4xx_it.c **** void UsageFault_Handler(void)
 133:Core/Src/stm32f4xx_it.c **** {
 125              		.loc 1 133 1 view -0
 126              		.cfi_startproc
 127              		@ Volatile: function does not return.
 128              		@ args = 0, pretend = 0, frame = 0
 129              		@ frame_needed = 0, uses_anonymous_args = 0
 130              		@ link register save eliminated.
 131              	.L10:
 134:Core/Src/stm32f4xx_it.c ****   /* USER CODE BEGIN UsageFault_IRQn 0 */
 135:Core/Src/stm32f4xx_it.c **** 
 136:Core/Src/stm32f4xx_it.c ****   /* USER CODE END UsageFault_IRQn 0 */
 137:Core/Src/stm32f4xx_it.c ****   while (1)
 132              		.loc 1 137 3 discriminator 1 view .LVU17
 138:Core/Src/stm32f4xx_it.c ****   {
 139:Core/Src/stm32f4xx_it.c ****     /* USER CODE BEGIN W1_UsageFault_IRQn 0 */
 140:Core/Src/stm32f4xx_it.c ****     /* USER CODE END W1_UsageFault_IRQn 0 */
 141:Core/Src/stm32f4xx_it.c ****   }
 133              		.loc 1 141 3 discriminator 1 view .LVU18
 137:Core/Src/stm32f4xx_it.c ****   {
 134              		.loc 1 137 9 discriminator 1 view .LVU19
 135 0000 FEE7     		b	.L10
 136              		.cfi_endproc
 137              	.LFE243:
 139              		.section	.text.DebugMon_Handler,"ax",%progbits
 140              		.align	1
 141              		.global	DebugMon_Handler
 142              		.syntax unified
 143              		.thumb
 144              		.thumb_func
 145              		.fpu fpv4-sp-d16
 147              	DebugMon_Handler:
 148              	.LFB244:
 142:Core/Src/stm32f4xx_it.c **** }
 143:Core/Src/stm32f4xx_it.c **** 
ARM GAS  /var/folders/y1/mrm7396d3yl40ryf_xr6m12h0000gn/T//cca26eBZ.s 			page 6


 144:Core/Src/stm32f4xx_it.c **** /**
 145:Core/Src/stm32f4xx_it.c ****   * @brief This function handles Debug monitor.
 146:Core/Src/stm32f4xx_it.c ****   */
 147:Core/Src/stm32f4xx_it.c **** void DebugMon_Handler(void)
 148:Core/Src/stm32f4xx_it.c **** {
 149              		.loc 1 148 1 view -0
 150              		.cfi_startproc
 151              		@ args = 0, pretend = 0, frame = 0
 152              		@ frame_needed = 0, uses_anonymous_args = 0
 153              		@ link register save eliminated.
 149:Core/Src/stm32f4xx_it.c ****   /* USER CODE BEGIN DebugMonitor_IRQn 0 */
 150:Core/Src/stm32f4xx_it.c **** 
 151:Core/Src/stm32f4xx_it.c ****   /* USER CODE END DebugMonitor_IRQn 0 */
 152:Core/Src/stm32f4xx_it.c ****   /* USER CODE BEGIN DebugMonitor_IRQn 1 */
 153:Core/Src/stm32f4xx_it.c **** 
 154:Core/Src/stm32f4xx_it.c ****   /* USER CODE END DebugMonitor_IRQn 1 */
 155:Core/Src/stm32f4xx_it.c **** }
 154              		.loc 1 155 1 view .LVU21
 155 0000 7047     		bx	lr
 156              		.cfi_endproc
 157              	.LFE244:
 159              		.section	.text.SysTick_Handler,"ax",%progbits
 160              		.align	1
 161              		.global	SysTick_Handler
 162              		.syntax unified
 163              		.thumb
 164              		.thumb_func
 165              		.fpu fpv4-sp-d16
 167              	SysTick_Handler:
 168              	.LFB245:
 156:Core/Src/stm32f4xx_it.c **** 
 157:Core/Src/stm32f4xx_it.c **** /**
 158:Core/Src/stm32f4xx_it.c ****   * @brief This function handles System tick timer.
 159:Core/Src/stm32f4xx_it.c ****   */
 160:Core/Src/stm32f4xx_it.c **** void SysTick_Handler(void)
 161:Core/Src/stm32f4xx_it.c **** {
 169              		.loc 1 161 1 view -0
 170              		.cfi_startproc
 171              		@ args = 0, pretend = 0, frame = 0
 172              		@ frame_needed = 0, uses_anonymous_args = 0
 173 0000 08B5     		push	{r3, lr}
 174              	.LCFI0:
 175              		.cfi_def_cfa_offset 8
 176              		.cfi_offset 3, -8
 177              		.cfi_offset 14, -4
 162:Core/Src/stm32f4xx_it.c ****   /* USER CODE BEGIN SysTick_IRQn 0 */
 163:Core/Src/stm32f4xx_it.c **** 
 164:Core/Src/stm32f4xx_it.c ****   /* USER CODE END SysTick_IRQn 0 */
 165:Core/Src/stm32f4xx_it.c ****   HAL_IncTick();
 178              		.loc 1 165 3 view .LVU23
 179 0002 FFF7FEFF 		bl	HAL_IncTick
 180              	.LVL0:
 166:Core/Src/stm32f4xx_it.c **** #if (INCLUDE_xTaskGetSchedulerState == 1 )
 167:Core/Src/stm32f4xx_it.c ****   if (xTaskGetSchedulerState() != taskSCHEDULER_NOT_STARTED)
 181              		.loc 1 167 3 view .LVU24
 182              		.loc 1 167 7 is_stmt 0 view .LVU25
 183 0006 FFF7FEFF 		bl	xTaskGetSchedulerState
ARM GAS  /var/folders/y1/mrm7396d3yl40ryf_xr6m12h0000gn/T//cca26eBZ.s 			page 7


 184              	.LVL1:
 185              		.loc 1 167 6 view .LVU26
 186 000a 0128     		cmp	r0, #1
 187 000c 00D1     		bne	.L15
 188              	.L12:
 168:Core/Src/stm32f4xx_it.c ****   {
 169:Core/Src/stm32f4xx_it.c **** #endif /* INCLUDE_xTaskGetSchedulerState */
 170:Core/Src/stm32f4xx_it.c ****   xPortSysTickHandler();
 171:Core/Src/stm32f4xx_it.c **** #if (INCLUDE_xTaskGetSchedulerState == 1 )
 172:Core/Src/stm32f4xx_it.c ****   }
 173:Core/Src/stm32f4xx_it.c **** #endif /* INCLUDE_xTaskGetSchedulerState */
 174:Core/Src/stm32f4xx_it.c ****   /* USER CODE BEGIN SysTick_IRQn 1 */
 175:Core/Src/stm32f4xx_it.c **** 
 176:Core/Src/stm32f4xx_it.c ****   /* USER CODE END SysTick_IRQn 1 */
 177:Core/Src/stm32f4xx_it.c **** }
 189              		.loc 1 177 1 view .LVU27
 190 000e 08BD     		pop	{r3, pc}
 191              	.L15:
 170:Core/Src/stm32f4xx_it.c **** #if (INCLUDE_xTaskGetSchedulerState == 1 )
 192              		.loc 1 170 3 is_stmt 1 view .LVU28
 193 0010 FFF7FEFF 		bl	xPortSysTickHandler
 194              	.LVL2:
 195              		.loc 1 177 1 is_stmt 0 view .LVU29
 196 0014 FBE7     		b	.L12
 197              		.cfi_endproc
 198              	.LFE245:
 200              		.section	.text.EXTI9_5_IRQHandler,"ax",%progbits
 201              		.align	1
 202              		.global	EXTI9_5_IRQHandler
 203              		.syntax unified
 204              		.thumb
 205              		.thumb_func
 206              		.fpu fpv4-sp-d16
 208              	EXTI9_5_IRQHandler:
 209              	.LFB246:
 178:Core/Src/stm32f4xx_it.c **** 
 179:Core/Src/stm32f4xx_it.c **** /******************************************************************************/
 180:Core/Src/stm32f4xx_it.c **** /* STM32F4xx Peripheral Interrupt Handlers                                    */
 181:Core/Src/stm32f4xx_it.c **** /* Add here the Interrupt Handlers for the used peripherals.                  */
 182:Core/Src/stm32f4xx_it.c **** /* For the available peripheral interrupt handler names,                      */
 183:Core/Src/stm32f4xx_it.c **** /* please refer to the startup file (startup_stm32f4xx.s).                    */
 184:Core/Src/stm32f4xx_it.c **** /******************************************************************************/
 185:Core/Src/stm32f4xx_it.c **** 
 186:Core/Src/stm32f4xx_it.c **** /**
 187:Core/Src/stm32f4xx_it.c ****   * @brief This function handles EXTI line[9:5] interrupts.
 188:Core/Src/stm32f4xx_it.c ****   */
 189:Core/Src/stm32f4xx_it.c **** void EXTI9_5_IRQHandler(void)
 190:Core/Src/stm32f4xx_it.c **** {
 210              		.loc 1 190 1 is_stmt 1 view -0
 211              		.cfi_startproc
 212              		@ args = 0, pretend = 0, frame = 0
 213              		@ frame_needed = 0, uses_anonymous_args = 0
 214 0000 08B5     		push	{r3, lr}
 215              	.LCFI1:
 216              		.cfi_def_cfa_offset 8
 217              		.cfi_offset 3, -8
 218              		.cfi_offset 14, -4
ARM GAS  /var/folders/y1/mrm7396d3yl40ryf_xr6m12h0000gn/T//cca26eBZ.s 			page 8


 191:Core/Src/stm32f4xx_it.c ****   /* USER CODE BEGIN EXTI9_5_IRQn 0 */
 192:Core/Src/stm32f4xx_it.c **** 
 193:Core/Src/stm32f4xx_it.c ****   /* USER CODE END EXTI9_5_IRQn 0 */
 194:Core/Src/stm32f4xx_it.c ****   HAL_GPIO_EXTI_IRQHandler(GPIO_PIN_9);
 219              		.loc 1 194 3 view .LVU31
 220 0002 4FF40070 		mov	r0, #512
 221 0006 FFF7FEFF 		bl	HAL_GPIO_EXTI_IRQHandler
 222              	.LVL3:
 195:Core/Src/stm32f4xx_it.c ****   /* USER CODE BEGIN EXTI9_5_IRQn 1 */
 196:Core/Src/stm32f4xx_it.c **** 
 197:Core/Src/stm32f4xx_it.c ****   /* USER CODE END EXTI9_5_IRQn 1 */
 198:Core/Src/stm32f4xx_it.c **** }
 223              		.loc 1 198 1 is_stmt 0 view .LVU32
 224 000a 08BD     		pop	{r3, pc}
 225              		.cfi_endproc
 226              	.LFE246:
 228              		.section	.text.USART3_IRQHandler,"ax",%progbits
 229              		.align	1
 230              		.global	USART3_IRQHandler
 231              		.syntax unified
 232              		.thumb
 233              		.thumb_func
 234              		.fpu fpv4-sp-d16
 236              	USART3_IRQHandler:
 237              	.LFB247:
 199:Core/Src/stm32f4xx_it.c **** 
 200:Core/Src/stm32f4xx_it.c **** /**
 201:Core/Src/stm32f4xx_it.c ****   * @brief This function handles USART3 global interrupt.
 202:Core/Src/stm32f4xx_it.c ****   */
 203:Core/Src/stm32f4xx_it.c **** void USART3_IRQHandler(void)
 204:Core/Src/stm32f4xx_it.c **** {
 238              		.loc 1 204 1 is_stmt 1 view -0
 239              		.cfi_startproc
 240              		@ args = 0, pretend = 0, frame = 0
 241              		@ frame_needed = 0, uses_anonymous_args = 0
 242 0000 08B5     		push	{r3, lr}
 243              	.LCFI2:
 244              		.cfi_def_cfa_offset 8
 245              		.cfi_offset 3, -8
 246              		.cfi_offset 14, -4
 205:Core/Src/stm32f4xx_it.c ****   /* USER CODE BEGIN USART3_IRQn 0 */
 206:Core/Src/stm32f4xx_it.c **** 
 207:Core/Src/stm32f4xx_it.c ****   /* USER CODE END USART3_IRQn 0 */
 208:Core/Src/stm32f4xx_it.c ****   HAL_UART_IRQHandler(&huart3);
 247              		.loc 1 208 3 view .LVU34
 248 0002 0248     		ldr	r0, .L20
 249 0004 FFF7FEFF 		bl	HAL_UART_IRQHandler
 250              	.LVL4:
 209:Core/Src/stm32f4xx_it.c ****   /* USER CODE BEGIN USART3_IRQn 1 */
 210:Core/Src/stm32f4xx_it.c **** 
 211:Core/Src/stm32f4xx_it.c ****   /* USER CODE END USART3_IRQn 1 */
 212:Core/Src/stm32f4xx_it.c **** }
 251              		.loc 1 212 1 is_stmt 0 view .LVU35
 252 0008 08BD     		pop	{r3, pc}
 253              	.L21:
 254 000a 00BF     		.align	2
 255              	.L20:
ARM GAS  /var/folders/y1/mrm7396d3yl40ryf_xr6m12h0000gn/T//cca26eBZ.s 			page 9


 256 000c 00000000 		.word	huart3
 257              		.cfi_endproc
 258              	.LFE247:
 260              		.section	.text.EXTI15_10_IRQHandler,"ax",%progbits
 261              		.align	1
 262              		.global	EXTI15_10_IRQHandler
 263              		.syntax unified
 264              		.thumb
 265              		.thumb_func
 266              		.fpu fpv4-sp-d16
 268              	EXTI15_10_IRQHandler:
 269              	.LFB248:
 213:Core/Src/stm32f4xx_it.c **** 
 214:Core/Src/stm32f4xx_it.c **** /**
 215:Core/Src/stm32f4xx_it.c ****   * @brief This function handles EXTI line[15:10] interrupts.
 216:Core/Src/stm32f4xx_it.c ****   */
 217:Core/Src/stm32f4xx_it.c **** void EXTI15_10_IRQHandler(void)
 218:Core/Src/stm32f4xx_it.c **** {
 270              		.loc 1 218 1 is_stmt 1 view -0
 271              		.cfi_startproc
 272              		@ args = 0, pretend = 0, frame = 0
 273              		@ frame_needed = 0, uses_anonymous_args = 0
 274 0000 08B5     		push	{r3, lr}
 275              	.LCFI3:
 276              		.cfi_def_cfa_offset 8
 277              		.cfi_offset 3, -8
 278              		.cfi_offset 14, -4
 219:Core/Src/stm32f4xx_it.c ****   /* USER CODE BEGIN EXTI15_10_IRQn 0 */
 220:Core/Src/stm32f4xx_it.c **** 
 221:Core/Src/stm32f4xx_it.c ****   /* USER CODE END EXTI15_10_IRQn 0 */
 222:Core/Src/stm32f4xx_it.c ****   HAL_GPIO_EXTI_IRQHandler(GPIO_PIN_11);
 279              		.loc 1 222 3 view .LVU37
 280 0002 4FF40060 		mov	r0, #2048
 281 0006 FFF7FEFF 		bl	HAL_GPIO_EXTI_IRQHandler
 282              	.LVL5:
 223:Core/Src/stm32f4xx_it.c ****   /* USER CODE BEGIN EXTI15_10_IRQn 1 */
 224:Core/Src/stm32f4xx_it.c **** 
 225:Core/Src/stm32f4xx_it.c ****   /* USER CODE END EXTI15_10_IRQn 1 */
 226:Core/Src/stm32f4xx_it.c **** }
 283              		.loc 1 226 1 is_stmt 0 view .LVU38
 284 000a 08BD     		pop	{r3, pc}
 285              		.cfi_endproc
 286              	.LFE248:
 288              		.text
 289              	.Letext0:
 290              		.file 2 "/usr/local/Cellar/gcc-arm-none-eabi/20200630/arm-none-eabi/include/machine/_default_types
 291              		.file 3 "/usr/local/Cellar/gcc-arm-none-eabi/20200630/arm-none-eabi/include/sys/_stdint.h"
 292              		.file 4 "Drivers/CMSIS/Include/core_cm4.h"
 293              		.file 5 "Drivers/CMSIS/Device/ST/STM32F4xx/Include/system_stm32f4xx.h"
 294              		.file 6 "Drivers/CMSIS/Device/ST/STM32F4xx/Include/stm32f407xx.h"
 295              		.file 7 "Drivers/STM32F4xx_HAL_Driver/Inc/stm32f4xx_hal_def.h"
 296              		.file 8 "Drivers/STM32F4xx_HAL_Driver/Inc/stm32f4xx_hal_dma.h"
 297              		.file 9 "Drivers/STM32F4xx_HAL_Driver/Inc/stm32f4xx_hal_uart.h"
 298              		.file 10 "Drivers/STM32F4xx_HAL_Driver/Inc/stm32f4xx_hal.h"
 299              		.file 11 "Middlewares/Third_Party/FreeRTOS/Source/portable/GCC/ARM_CM4F/portmacro.h"
 300              		.file 12 "Drivers/STM32F4xx_HAL_Driver/Inc/stm32f4xx_hal_gpio.h"
 301              		.file 13 "Middlewares/Third_Party/FreeRTOS/Source/include/task.h"
ARM GAS  /var/folders/y1/mrm7396d3yl40ryf_xr6m12h0000gn/T//cca26eBZ.s 			page 10


 302              		.file 14 "Core/Inc/FreeRTOSConfig.h"
ARM GAS  /var/folders/y1/mrm7396d3yl40ryf_xr6m12h0000gn/T//cca26eBZ.s 			page 11


DEFINED SYMBOLS
                            *ABS*:0000000000000000 stm32f4xx_it.c
/var/folders/y1/mrm7396d3yl40ryf_xr6m12h0000gn/T//cca26eBZ.s:18     .text.NMI_Handler:0000000000000000 $t
/var/folders/y1/mrm7396d3yl40ryf_xr6m12h0000gn/T//cca26eBZ.s:26     .text.NMI_Handler:0000000000000000 NMI_Handler
/var/folders/y1/mrm7396d3yl40ryf_xr6m12h0000gn/T//cca26eBZ.s:44     .text.HardFault_Handler:0000000000000000 $t
/var/folders/y1/mrm7396d3yl40ryf_xr6m12h0000gn/T//cca26eBZ.s:51     .text.HardFault_Handler:0000000000000000 HardFault_Handler
/var/folders/y1/mrm7396d3yl40ryf_xr6m12h0000gn/T//cca26eBZ.s:68     .text.MemManage_Handler:0000000000000000 $t
/var/folders/y1/mrm7396d3yl40ryf_xr6m12h0000gn/T//cca26eBZ.s:75     .text.MemManage_Handler:0000000000000000 MemManage_Handler
/var/folders/y1/mrm7396d3yl40ryf_xr6m12h0000gn/T//cca26eBZ.s:92     .text.BusFault_Handler:0000000000000000 $t
/var/folders/y1/mrm7396d3yl40ryf_xr6m12h0000gn/T//cca26eBZ.s:99     .text.BusFault_Handler:0000000000000000 BusFault_Handler
/var/folders/y1/mrm7396d3yl40ryf_xr6m12h0000gn/T//cca26eBZ.s:116    .text.UsageFault_Handler:0000000000000000 $t
/var/folders/y1/mrm7396d3yl40ryf_xr6m12h0000gn/T//cca26eBZ.s:123    .text.UsageFault_Handler:0000000000000000 UsageFault_Handler
/var/folders/y1/mrm7396d3yl40ryf_xr6m12h0000gn/T//cca26eBZ.s:140    .text.DebugMon_Handler:0000000000000000 $t
/var/folders/y1/mrm7396d3yl40ryf_xr6m12h0000gn/T//cca26eBZ.s:147    .text.DebugMon_Handler:0000000000000000 DebugMon_Handler
/var/folders/y1/mrm7396d3yl40ryf_xr6m12h0000gn/T//cca26eBZ.s:160    .text.SysTick_Handler:0000000000000000 $t
/var/folders/y1/mrm7396d3yl40ryf_xr6m12h0000gn/T//cca26eBZ.s:167    .text.SysTick_Handler:0000000000000000 SysTick_Handler
/var/folders/y1/mrm7396d3yl40ryf_xr6m12h0000gn/T//cca26eBZ.s:201    .text.EXTI9_5_IRQHandler:0000000000000000 $t
/var/folders/y1/mrm7396d3yl40ryf_xr6m12h0000gn/T//cca26eBZ.s:208    .text.EXTI9_5_IRQHandler:0000000000000000 EXTI9_5_IRQHandler
/var/folders/y1/mrm7396d3yl40ryf_xr6m12h0000gn/T//cca26eBZ.s:229    .text.USART3_IRQHandler:0000000000000000 $t
/var/folders/y1/mrm7396d3yl40ryf_xr6m12h0000gn/T//cca26eBZ.s:236    .text.USART3_IRQHandler:0000000000000000 USART3_IRQHandler
/var/folders/y1/mrm7396d3yl40ryf_xr6m12h0000gn/T//cca26eBZ.s:256    .text.USART3_IRQHandler:000000000000000c $d
/var/folders/y1/mrm7396d3yl40ryf_xr6m12h0000gn/T//cca26eBZ.s:261    .text.EXTI15_10_IRQHandler:0000000000000000 $t
/var/folders/y1/mrm7396d3yl40ryf_xr6m12h0000gn/T//cca26eBZ.s:268    .text.EXTI15_10_IRQHandler:0000000000000000 EXTI15_10_IRQHandler

UNDEFINED SYMBOLS
HAL_IncTick
xTaskGetSchedulerState
xPortSysTickHandler
HAL_GPIO_EXTI_IRQHandler
HAL_UART_IRQHandler
huart3
