2021-01-29 19:18:48,997 [INFO] Activator:176 - 


2021-01-29 19:18:49,001 [INFO] Activator:177 - !SESSION log4j initialized
2021-01-29 19:18:50,776 [ERROR] LogOutputStream:74 - [STDERR_REDIRECT] 
2021-01-29 19:18:54,447 [INFO] ApplicationProperties:181 - Using Application install path: /Applications/STM32CubeIDE.app/Contents/Eclipse/plugins/com.st.stm32cube.common.mx_5.6.0.202002181639
2021-01-29 19:18:54,462 [INFO] DbMcusXml:72 - Set database path to: /Applications/STM32CubeIDE.app/Contents/Eclipse/plugins/com.st.stm32cube.common.mx_5.6.0.202002181639//db//mcu/
2021-01-29 19:18:54,467 [INFO] DbBoardsPdsc:54 - Set plugin database path to: /Applications/STM32CubeIDE.app/Contents/Eclipse/plugins/com.st.stm32cube.common.mx_5.6.0.202002181639//db//plugins/boardmanager/
2021-01-29 19:18:54,467 [INFO] DbMcus:235 - Set plugin images path to: /Applications/STM32CubeIDE.app/Contents/Eclipse/plugins/com.st.stm32cube.common.mx_5.6.0.202002181639//db//plugins/mcufinder/images/
2021-01-29 19:18:54,468 [INFO] DbBoards:232 - Set plugin images path to: /Applications/STM32CubeIDE.app/Contents/Eclipse/plugins/com.st.stm32cube.common.mx_5.6.0.202002181639//db//plugins/mcufinder/images/
2021-01-29 19:18:54,473 [INFO] DbMcusAds:85 - Set database path to: /Users/hongdeyu/.stmcufinder/plugins/mcufinder//mcu/
2021-01-29 19:18:54,475 [INFO] DbMcusDocs:108 - Set database path to: /Users/hongdeyu/.stmcufinder/plugins/mcufinder//mcu/
2021-01-29 19:18:54,478 [INFO] DbMcusJson:61 - Set database path to: /Users/hongdeyu/.stmcufinder/plugins/mcufinder//mcu/
2021-01-29 19:18:54,479 [INFO] DbBoardsDocs:97 - Set database path to: /Users/hongdeyu/.stmcufinder/plugins/mcufinder//mcu/
2021-01-29 19:18:54,481 [INFO] DbBoardsJson:51 - Set database path to: /Users/hongdeyu/.stmcufinder/plugins/mcufinder//mcu/
2021-01-29 19:18:54,548 [INFO] CrossReferenceDbSqlite:197 - Set database path to: /Users/hongdeyu/.stmcufinder/plugins/mcufinder//mcu/cs/
2021-01-29 19:18:54,748 [INFO] RulesReader:52 - Compatibility file has been processed (208 Rules)
2021-01-29 19:18:55,040 [INFO] MicroXplorer:570 - Detected Java Version = 1.8.0_242
2021-01-29 19:18:55,040 [INFO] DbMcusXml:72 - Set database path to: /Applications/STM32CubeIDE.app/Contents/Eclipse/plugins/com.st.stm32cube.common.mx_5.6.0.202002181639//db//mcu/
2021-01-29 19:18:55,040 [INFO] DbBoardsPdsc:54 - Set plugin database path to: /Applications/STM32CubeIDE.app/Contents/Eclipse/plugins/com.st.stm32cube.common.mx_5.6.0.202002181639//db//plugins/boardmanager/
2021-01-29 19:18:55,041 [INFO] DbMcus:235 - Set plugin images path to: /Applications/STM32CubeIDE.app/Contents/Eclipse/plugins/com.st.stm32cube.common.mx_5.6.0.202002181639//db//plugins/mcufinder/images/
2021-01-29 19:18:55,042 [INFO] DbBoards:232 - Set plugin images path to: /Applications/STM32CubeIDE.app/Contents/Eclipse/plugins/com.st.stm32cube.common.mx_5.6.0.202002181639//db//plugins/mcufinder/images/
2021-01-29 19:18:55,042 [WARN] DbFile:36 - Overriding database path with different value: /Users/hongdeyu/.stmcufinder/plugins/mcufinder/ => /Users/hongdeyu/.stmcufinder/plugins/mcufinder
2021-01-29 19:18:55,043 [INFO] DbMcusAds:85 - Set database path to: /Users/hongdeyu/.stmcufinder/plugins/mcufinder//mcu/
2021-01-29 19:18:55,043 [WARN] DbFile:36 - Overriding database path with different value: /Users/hongdeyu/.stmcufinder/plugins/mcufinder/ => /Users/hongdeyu/.stmcufinder/plugins/mcufinder
2021-01-29 19:18:55,044 [INFO] DbMcusDocs:108 - Set database path to: /Users/hongdeyu/.stmcufinder/plugins/mcufinder//mcu/
2021-01-29 19:18:55,044 [WARN] DbFile:36 - Overriding database path with different value: /Users/hongdeyu/.stmcufinder/plugins/mcufinder/ => /Users/hongdeyu/.stmcufinder/plugins/mcufinder
2021-01-29 19:18:55,045 [INFO] DbMcusJson:61 - Set database path to: /Users/hongdeyu/.stmcufinder/plugins/mcufinder//mcu/
2021-01-29 19:18:55,045 [WARN] DbFile:36 - Overriding database path with different value: /Users/hongdeyu/.stmcufinder/plugins/mcufinder/ => /Users/hongdeyu/.stmcufinder/plugins/mcufinder
2021-01-29 19:18:55,045 [INFO] DbBoardsDocs:97 - Set database path to: /Users/hongdeyu/.stmcufinder/plugins/mcufinder//mcu/
2021-01-29 19:18:55,045 [WARN] DbFile:36 - Overriding database path with different value: /Users/hongdeyu/.stmcufinder/plugins/mcufinder/ => /Users/hongdeyu/.stmcufinder/plugins/mcufinder
2021-01-29 19:18:55,046 [INFO] DbBoardsJson:51 - Set database path to: /Users/hongdeyu/.stmcufinder/plugins/mcufinder//mcu/
2021-01-29 19:18:55,046 [WARN] DbFile:36 - Overriding database path with different value: /Users/hongdeyu/.stmcufinder/plugins/mcufinder/ => /Users/hongdeyu/.stmcufinder/plugins/mcufinder
2021-01-29 19:18:55,046 [WARN] DbFile:36 - Overriding database path with different value: /Users/hongdeyu/.stmcufinder/plugins/mcufinder/ => /Users/hongdeyu/.stmcufinder/plugins/mcufinder
2021-01-29 19:18:55,047 [INFO] CrossReferenceDbSqlite:197 - Set database path to: /Users/hongdeyu/.stmcufinder/plugins/mcufinder//mcu/cs/
2021-01-29 19:18:55,235 [INFO] MainPanel:181 - HeapMemory: 268435456
2021-01-29 19:18:55,320 [INFO] DbMcusXml:72 - Set database path to: /Applications/STM32CubeIDE.app/Contents/Eclipse/plugins/com.st.stm32cube.common.mx_5.6.0.202002181639//db//mcu/
2021-01-29 19:18:55,320 [INFO] DbBoardsPdsc:54 - Set plugin database path to: /Applications/STM32CubeIDE.app/Contents/Eclipse/plugins/com.st.stm32cube.common.mx_5.6.0.202002181639//db//plugins/boardmanager/
2021-01-29 19:18:55,320 [INFO] DbMcus:235 - Set plugin images path to: /Applications/STM32CubeIDE.app/Contents/Eclipse/plugins/com.st.stm32cube.common.mx_5.6.0.202002181639//db//plugins/mcufinder/images/
2021-01-29 19:18:55,321 [INFO] DbBoards:232 - Set plugin images path to: /Applications/STM32CubeIDE.app/Contents/Eclipse/plugins/com.st.stm32cube.common.mx_5.6.0.202002181639//db//plugins/mcufinder/images/
2021-01-29 19:18:55,321 [WARN] DbFile:36 - Overriding database path with different value: /Users/hongdeyu/.stmcufinder/plugins/mcufinder/ => /Users/hongdeyu/.stmcufinder/plugins/mcufinder
2021-01-29 19:18:55,322 [INFO] DbMcusAds:85 - Set database path to: /Users/hongdeyu/.stmcufinder/plugins/mcufinder//mcu/
2021-01-29 19:18:55,322 [WARN] DbFile:36 - Overriding database path with different value: /Users/hongdeyu/.stmcufinder/plugins/mcufinder/ => /Users/hongdeyu/.stmcufinder/plugins/mcufinder
2021-01-29 19:18:55,322 [INFO] DbMcusDocs:108 - Set database path to: /Users/hongdeyu/.stmcufinder/plugins/mcufinder//mcu/
2021-01-29 19:18:55,322 [WARN] DbFile:36 - Overriding database path with different value: /Users/hongdeyu/.stmcufinder/plugins/mcufinder/ => /Users/hongdeyu/.stmcufinder/plugins/mcufinder
2021-01-29 19:18:55,323 [INFO] DbMcusJson:61 - Set database path to: /Users/hongdeyu/.stmcufinder/plugins/mcufinder//mcu/
2021-01-29 19:18:55,323 [WARN] DbFile:36 - Overriding database path with different value: /Users/hongdeyu/.stmcufinder/plugins/mcufinder/ => /Users/hongdeyu/.stmcufinder/plugins/mcufinder
2021-01-29 19:18:55,323 [INFO] DbBoardsDocs:97 - Set database path to: /Users/hongdeyu/.stmcufinder/plugins/mcufinder//mcu/
2021-01-29 19:18:55,323 [WARN] DbFile:36 - Overriding database path with different value: /Users/hongdeyu/.stmcufinder/plugins/mcufinder/ => /Users/hongdeyu/.stmcufinder/plugins/mcufinder
2021-01-29 19:18:55,324 [INFO] DbBoardsJson:51 - Set database path to: /Users/hongdeyu/.stmcufinder/plugins/mcufinder//mcu/
2021-01-29 19:18:55,324 [WARN] DbFile:36 - Overriding database path with different value: /Users/hongdeyu/.stmcufinder/plugins/mcufinder/ => /Users/hongdeyu/.stmcufinder/plugins/mcufinder
2021-01-29 19:18:55,324 [WARN] DbFile:36 - Overriding database path with different value: /Users/hongdeyu/.stmcufinder/plugins/mcufinder/ => /Users/hongdeyu/.stmcufinder/plugins/mcufinder
2021-01-29 19:18:55,325 [INFO] CrossReferenceDbSqlite:197 - Set database path to: /Users/hongdeyu/.stmcufinder/plugins/mcufinder//mcu/cs/
2021-01-29 19:18:55,351 [INFO] ApplicationProperties:181 - Using Application install path: /Applications/STM32CubeIDE.app/Contents/Eclipse/plugins/com.st.stm32cube.common.mx_5.6.0.202002181639
2021-01-29 19:18:55,353 [INFO] PluginManage:178 - Search for loadable plugins [exclusion list=, tutovideos]
2021-01-29 19:18:55,354 [INFO] PluginManage:292 - Check plugin analytics
2021-01-29 19:18:55,362 [INFO] PluginManage:342 - Loaded plugin analytics (category:tool,tabindex:-1)
2021-01-29 19:18:55,363 [INFO] PluginManage:292 - Check plugin clock
2021-01-29 19:18:55,384 [INFO] PluginManage:342 - Loaded plugin clock (category:base,tabindex:2)
2021-01-29 19:18:55,384 [INFO] PluginManage:292 - Check plugin ddr
2021-01-29 19:18:55,388 [INFO] PluginManage:342 - Loaded plugin ddr (category:tool,tabindex:6)
2021-01-29 19:18:55,388 [INFO] PluginManage:292 - Check plugin filemanager
2021-01-29 19:18:55,792 [INFO] PluginManage:342 - Loaded plugin filemanager (category:base,tabindex:10)
2021-01-29 19:18:55,792 [INFO] PluginManage:292 - Check plugin ipmanager
2021-01-29 19:18:55,807 [INFO] PluginManage:342 - Loaded plugin ipmanager (category:base,tabindex:5)
2021-01-29 19:18:55,807 [INFO] PluginManage:292 - Check plugin pinoutandconfiguration
2021-01-29 19:18:55,849 [INFO] PluginManage:342 - Loaded plugin pinoutandconfiguration (category:base,tabindex:1)
2021-01-29 19:18:55,850 [INFO] PluginManage:292 - Check plugin pinoutconfig
2021-01-29 19:18:55,894 [INFO] PluginManage:342 - Loaded plugin pinoutconfig (category:base,tabindex:0)
2021-01-29 19:18:55,895 [INFO] PluginManage:292 - Check plugin power
2021-01-29 19:18:55,905 [INFO] PluginManage:342 - Loaded plugin power (category:power,tabindex:4)
2021-01-29 19:18:55,905 [INFO] PluginManage:292 - Check plugin projectmanager
2021-01-29 19:18:55,962 [INFO] PluginManage:342 - Loaded plugin projectmanager (category:projectmanager,tabindex:3)
2021-01-29 19:18:55,963 [INFO] PluginManage:292 - Check plugin thirdparty
2021-01-29 19:18:56,217 [INFO] ThirdPartyDb:295 - Open Third Party DataBase File (/Users/hongdeyu/.stm32cubemx/plugins/thirdparty/db/thirdparties_db.xml) : 143 ms. number of Sw pack : 21
2021-01-29 19:18:56,251 [INFO] PluginManage:342 - Loaded plugin thirdparty (category:base,tabindex:-1)
2021-01-29 19:18:56,251 [INFO] PluginManage:292 - Check plugin tools
2021-01-29 19:18:56,254 [INFO] PluginManage:342 - Loaded plugin tools (category:base,tabindex:7)
2021-01-29 19:18:56,255 [INFO] PluginManage:292 - Check plugin tutovideos
2021-01-29 19:18:56,257 [INFO] PluginManage:347 - Ignore plugin tutovideos (category:base)
2021-01-29 19:18:56,257 [INFO] PluginManage:292 - Check plugin updater
2021-01-29 19:18:56,270 [INFO] PluginManage:342 - Loaded plugin updater (category:base,tabindex:12)
2021-01-29 19:18:56,271 [INFO] PluginManage:265 - PluginManage : Loaded plugins [12]
2021-01-29 19:18:58,085 [INFO] PinOutPanel:1420 - setPackage(No Configuration,No Configuration)
2021-01-29 19:18:58,185 [INFO] IPUIPlugin:65 - create IPUIPlugin
2021-01-29 19:18:58,187 [INFO] PluginManager:200 - loadIPPluginJar : add mdma
2021-01-29 19:18:58,195 [INFO] IPUIPlugin:65 - create IPUIPlugin
2021-01-29 19:18:58,195 [INFO] PluginManager:200 - loadIPPluginJar : add freertos
2021-01-29 19:18:58,202 [INFO] IPUIPlugin:65 - create IPUIPlugin
2021-01-29 19:18:58,202 [INFO] PluginManager:200 - loadIPPluginJar : add gic
2021-01-29 19:18:58,211 [INFO] IPUIPlugin:65 - create IPUIPlugin
2021-01-29 19:18:58,212 [INFO] PluginManager:200 - loadIPPluginJar : add adc
2021-01-29 19:18:58,214 [INFO] IPUIPlugin:65 - create IPUIPlugin
2021-01-29 19:18:58,215 [INFO] PluginManager:200 - loadIPPluginJar : add gtzc
2021-01-29 19:18:58,217 [INFO] IPUIPlugin:65 - create IPUIPlugin
2021-01-29 19:18:58,217 [INFO] PluginManager:200 - loadIPPluginJar : add quadspi
2021-01-29 19:18:58,220 [INFO] IPUIPlugin:65 - create IPUIPlugin
2021-01-29 19:18:58,220 [INFO] PluginManager:200 - loadIPPluginJar : add aes
2021-01-29 19:18:58,223 [INFO] IPUIPlugin:65 - create IPUIPlugin
2021-01-29 19:18:58,224 [INFO] PluginManager:200 - loadIPPluginJar : add pdm2pcm
2021-01-29 19:18:58,226 [INFO] IPUIPlugin:65 - create IPUIPlugin
2021-01-29 19:18:58,227 [INFO] PluginManager:200 - loadIPPluginJar : add hash
2021-01-29 19:18:58,229 [INFO] IPUIPlugin:65 - create IPUIPlugin
2021-01-29 19:18:58,229 [INFO] PluginManager:200 - loadIPPluginJar : add tim
2021-01-29 19:18:58,231 [INFO] IPUIPlugin:65 - create IPUIPlugin
2021-01-29 19:18:58,231 [INFO] PluginManager:200 - loadIPPluginJar : add tsc
2021-01-29 19:18:58,233 [INFO] IPUIPlugin:65 - create IPUIPlugin
2021-01-29 19:18:58,234 [INFO] PluginManager:200 - loadIPPluginJar : add ts
2021-01-29 19:18:58,237 [INFO] IPUIPlugin:65 - create IPUIPlugin
2021-01-29 19:18:58,237 [INFO] PluginManager:200 - loadIPPluginJar : add can
2021-01-29 19:18:58,240 [INFO] IPUIPlugin:65 - create IPUIPlugin
2021-01-29 19:18:58,240 [INFO] PluginManager:200 - loadIPPluginJar : add dfsdm
2021-01-29 19:18:58,243 [INFO] IPUIPlugin:65 - create IPUIPlugin
2021-01-29 19:18:58,243 [INFO] PluginManager:200 - loadIPPluginJar : add spi
2021-01-29 19:18:58,246 [INFO] IPUIPlugin:65 - create IPUIPlugin
2021-01-29 19:18:58,247 [INFO] PluginManager:200 - loadIPPluginJar : add gfxmmu
2021-01-29 19:18:58,249 [INFO] IPUIPlugin:65 - create IPUIPlugin
2021-01-29 19:18:58,249 [INFO] PluginManager:200 - loadIPPluginJar : add genericplugin
2021-01-29 19:18:58,253 [INFO] IPUIPlugin:65 - create IPUIPlugin
2021-01-29 19:18:58,253 [INFO] PluginManager:200 - loadIPPluginJar : add cryp
2021-01-29 19:18:58,259 [INFO] IPUIPlugin:65 - create IPUIPlugin
2021-01-29 19:18:58,259 [INFO] PluginManager:200 - loadIPPluginJar : add gpio
2021-01-29 19:18:58,262 [INFO] IPUIPlugin:65 - create IPUIPlugin
2021-01-29 19:18:58,262 [INFO] PluginManager:200 - loadIPPluginJar : add comp
2021-01-29 19:18:58,264 [INFO] IPUIPlugin:65 - create IPUIPlugin
2021-01-29 19:18:58,265 [INFO] PluginManager:200 - loadIPPluginJar : add tracer_emb
2021-01-29 19:18:58,270 [INFO] IPUIPlugin:65 - create IPUIPlugin
2021-01-29 19:18:58,337 [INFO] PluginManager:200 - loadIPPluginJar : add stm32_wpan
2021-01-29 19:18:58,347 [INFO] IPUIPlugin:65 - create IPUIPlugin
2021-01-29 19:18:58,355 [INFO] PluginManager:200 - loadIPPluginJar : add plateformsettings
2021-01-29 19:18:58,366 [INFO] IPUIPlugin:65 - create IPUIPlugin
2021-01-29 19:18:58,366 [INFO] PluginManager:200 - loadIPPluginJar : add ipddr
2021-01-29 19:18:58,370 [INFO] IPUIPlugin:65 - create IPUIPlugin
2021-01-29 19:18:58,371 [INFO] PluginManager:200 - loadIPPluginJar : add usart
2021-01-29 19:18:58,373 [INFO] IPUIPlugin:65 - create IPUIPlugin
2021-01-29 19:18:58,374 [INFO] PluginManager:200 - loadIPPluginJar : add ltdc
2021-01-29 19:18:58,379 [INFO] IPUIPlugin:65 - create IPUIPlugin
2021-01-29 19:18:58,380 [INFO] PluginManager:200 - loadIPPluginJar : add nvic
2021-01-29 19:18:58,383 [INFO] IPUIPlugin:65 - create IPUIPlugin
2021-01-29 19:18:58,384 [INFO] PluginManager:200 - loadIPPluginJar : add fatfs
2021-01-29 19:18:58,394 [INFO] IPUIPlugin:65 - create IPUIPlugin
2021-01-29 19:18:58,395 [INFO] PluginManager:200 - loadIPPluginJar : add dma
2021-01-29 19:18:58,401 [INFO] IPUIPlugin:65 - create IPUIPlugin
2021-01-29 19:18:58,402 [INFO] PluginManager:200 - loadIPPluginJar : add fmc
2021-01-29 19:18:58,405 [INFO] IPUIPlugin:65 - create IPUIPlugin
2021-01-29 19:18:58,405 [INFO] PluginManager:200 - loadIPPluginJar : add i2s
2021-01-29 19:18:58,408 [INFO] IPUIPlugin:65 - create IPUIPlugin
2021-01-29 19:18:58,408 [INFO] PluginManager:200 - loadIPPluginJar : add ucpd
2021-01-29 19:18:58,414 [INFO] IPUIPlugin:65 - create IPUIPlugin
2021-01-29 19:18:58,414 [INFO] PluginManager:200 - loadIPPluginJar : add opamp
2021-01-29 19:18:58,418 [INFO] IPUIPlugin:65 - create IPUIPlugin
2021-01-29 19:18:58,418 [INFO] PluginManager:200 - loadIPPluginJar : add touchsensing
2021-01-29 19:18:58,421 [INFO] IPUIPlugin:65 - create IPUIPlugin
2021-01-29 19:18:58,421 [INFO] PluginManager:200 - loadIPPluginJar : add i2c
2021-01-29 19:18:58,425 [INFO] IPUIPlugin:65 - create IPUIPlugin
2021-01-29 19:18:58,426 [INFO] PluginManager:200 - loadIPPluginJar : add resmgrutility
2021-01-29 19:18:58,431 [INFO] IPUIPlugin:65 - create IPUIPlugin
2021-01-29 19:18:58,431 [INFO] PluginManager:200 - loadIPPluginJar : add sai
2021-01-29 19:18:58,739 [INFO] BoardConnectionPanel:3472 - [DDR PANEL] STM32CubeIDE environment
2021-01-29 19:18:58,741 [INFO] MainDdrPanel:103 - [DDR PANEL] GETTER - cubeProgrammerPath is: null
2021-01-29 19:18:58,971 [FATAL] Updater:277 - Updater called before beeing initialized
2021-01-29 19:18:59,238 [FATAL] Updater:277 - Updater called before beeing initialized
2021-01-29 19:18:59,239 [ERROR] IntegrityCheckThread:252 - Cannot obtain thirdParties list 21
2021-01-29 19:18:59,239 [ERROR] IntegrityCheckThread:100 - Unexpected exception IntegrityCheckThread Thread: Updater error
2021-01-29 19:18:59,240 [INFO] ThirdPartyDb:261 - Close Third Party DataBase File (/Users/hongdeyu/.stm32cubemx/plugins/thirdparty/db/thirdparties_db.xml)
2021-01-29 19:18:59,289 [FATAL] Updater:277 - Updater called before beeing initialized
2021-01-29 19:18:59,295 [INFO] PinOutPanel:1420 - setPackage(No Configuration,No Configuration)
2021-01-29 19:18:59,296 [FATAL] Updater:277 - Updater called before beeing initialized
2021-01-29 19:18:59,302 [INFO] BoardConnectionPanel:3472 - [DDR PANEL] STM32CubeIDE environment
2021-01-29 19:18:59,302 [INFO] MainDdrPanel:103 - [DDR PANEL] GETTER - cubeProgrammerPath is: /Applications/STM32CubeIDE.app/Contents/Eclipse/plugins/com.st.stm32cube.ide.mcu.externaltools.cubeprogrammer.macos64_1.3.0.202002181050/tools/bin
2021-01-29 19:18:59,308 [INFO] ProgrammerExecThread:148 - [ProgrammerAPI] CubeProgrammer command construction: /Applications/STM32CubeIDE.app/Contents/Eclipse/plugins/com.st.stm32cube.ide.mcu.externaltools.cubeprogrammer.macos64_1.3.0.202002181050/tools/bin/STM32_Programmer_CLI -l
2021-01-29 19:18:59,509 [INFO] MainDdrPanel:93 - [DDR PANEL] SETTER - Set cubeProgrammerPath to: /Applications/STM32CubeIDE.app/Contents/Eclipse/plugins/com.st.stm32cube.ide.mcu.externaltools.cubeprogrammer.macos64_1.3.0.202002181050/tools/bin
2021-01-29 19:18:59,518 [INFO] Updater:886 - Updater Version found : 5.6.0
2021-01-29 19:18:59,541 [INFO] ApplicationProperties:181 - Using Application install path: /Applications/STM32CubeIDE.app/Contents/Eclipse/plugins/com.st.stm32cube.common.mx_5.6.0.202002181639
2021-01-29 19:19:00,166 [INFO] MainUpdater:2230 - connection check result : 10
2021-01-29 19:19:00,168 [INFO] MainUpdater:236 - Updater Check For Update Now.
2021-01-29 19:19:00,168 [INFO] MicroXplorer:420 - Change Database Version : DB.5.0.60
2021-01-29 19:19:00,233 [INFO] CheckServerUpdateThread:92 - End of CheckServer Thread
2021-01-29 19:19:00,377 [INFO] MainUpdater:2230 - connection check result : 10
2021-01-29 19:19:00,378 [INFO] LogOutputStream:76 - [STDOUT_REDIRECT] Successfull proxy connection.
2021-01-29 19:19:01,793 [INFO] McuFinderGlobals:40 - Set McuFinder mode to 2 (CubeIDE integrated)
2021-01-29 19:19:01,806 [INFO] FinderPluginLoader:86 - Searching for filters in installed packs
2021-01-29 19:19:01,808 [INFO] DbMcusXml:110 - Load MCU database from /Applications/STM32CubeIDE.app/Contents/Eclipse/plugins/com.st.stm32cube.common.mx_5.6.0.202002181639//db//mcu/families.xml
2021-01-29 19:19:03,596 [INFO] DbMcusJson:90 - JSON generation date=Wed Jan 20 17:17:20 CST 2021 (1611134240)
2021-01-29 19:19:05,088 [INFO] DbMcus:171 - Found 1670 MCUs (1625 are supported by CubeMX, 1625 are visible in CubeMX)
2021-01-29 19:19:05,088 [INFO] ApiDb:147 - User favorites file not found: /Users/hongdeyu/.stm32cubeide/favorites.mcus.txt
2021-01-29 19:19:05,089 [INFO] DbMcus:183 - Set 0 / 0 favorites MCUs
2021-01-29 19:19:06,366 [INFO] DbMcusAds:143 - JSON generation date=Wed Jan 27 17:23:13 CST 2021 (1611739393)
2021-01-29 19:19:06,373 [INFO] LoadUrlFilesThread:161 - End of LoadServerUrlFiles without Thread
2021-01-29 19:19:06,417 [INFO] McuDetailPanel:181 - Set advertising image to /Users/hongdeyu/STM32Cube/Repository//ST19914_PR_ZETA_Alliance_0121_web.jpg
2021-01-29 19:19:07,394 [INFO] McuFilterPanel:249 - Update 0 favorites MCUs
2021-01-29 19:19:07,587 [INFO] DbBoardsPdsc:92 - Found 4 items
2021-01-29 19:19:07,592 [INFO] DbBoardsPdsc:92 - Found 9 items
2021-01-29 19:19:07,597 [INFO] DbBoardsPdsc:92 - Found 2 items
2021-01-29 19:19:07,608 [INFO] DbBoardsPdsc:92 - Found 40 items
2021-01-29 19:19:07,615 [INFO] DbBoardsPdsc:92 - Found 28 items
2021-01-29 19:19:07,618 [INFO] DbBoardsPdsc:92 - Found 1 items
2021-01-29 19:19:07,628 [INFO] DbBoardsPdsc:92 - Found 39 items
2021-01-29 19:19:07,634 [INFO] DbBoardsPdsc:92 - Found 22 items
2021-01-29 19:19:07,640 [WARN] DbBoardsPdsc:256 - Board STM32H7B3I-DK: unknown feature type=Audio, name=, username=Audio stereo codec with Headphone Amp (CS42L51-CNZ), n=1
2021-01-29 19:19:07,640 [WARN] DbBoardsPdsc:256 - Board STM32H7B3I-DK: unknown feature type=WIFI, name=, username=WIFI 802.11 b/g/n, n=1
2021-01-29 19:19:07,645 [WARN] DbBoardsPdsc:256 - Board STM32H7B3I-EVAL: unknown feature type=Audio, name=, username=Multi-Channel Audio Codec (CS42L51-CNZ), n=1
2021-01-29 19:19:07,645 [WARN] DbBoardsPdsc:256 - Board STM32H7B3I-EVAL: unknown feature type=Meter, name=, username=Power-metering and Temperature-monitoring with sigma-delta modulators, n=1
2021-01-29 19:19:07,645 [WARN] DbBoardsPdsc:256 - Board STM32H7B3I-EVAL: unknown feature type=WIFI, name=, username=WIFI 802.11 a/b/g/n, n=1
2021-01-29 19:19:07,645 [WARN] DbBoardsPdsc:256 - Board STM32H7B3I-EVAL: unknown feature type=Motor, name=, username=Motor Control, n=1
2021-01-29 19:19:07,672 [INFO] DbBoardsJson:80 - JSON generation date=Wed Jan 20 16:08:10 CST 2021 (1611130090)
2021-01-29 19:19:07,684 [INFO] DbBoards:120 - Found 148 boards (142 are supported by CubeMX)
2021-01-29 19:19:07,704 [INFO] DbBoardsDocs:131 - JSON generation date=Wed Jan 20 17:17:20 CST 2021 (1611134240)
2021-01-29 19:19:07,728 [INFO] DbBoardsDocs:70 - Found 190 boards documents
2021-01-29 19:19:07,729 [WARN] DbBoards:130 - board STEVAL-MKSBOX1V1 has no document id list !
2021-01-29 19:19:07,729 [WARN] DbBoards:130 - board STEVAL-STWINKT1 has no document id list !
2021-01-29 19:19:07,729 [WARN] DbBoards:130 - board STEVAL-IDP005V1 has no document id list !
2021-01-29 19:19:07,729 [WARN] DbBoards:130 - board STEVAL-IDP005V2 has no document id list !
2021-01-29 19:19:07,730 [WARN] DbBoards:130 - board STEVAL-BFA001V1B has no document id list !
2021-01-29 19:19:07,731 [WARN] DbBoards:130 - board STEVAL-BFA001V2B has no document id list !
2021-01-29 19:19:07,732 [WARN] DbBoards:130 - board STM32F401C-DISCO has no document id list !
2021-01-29 19:19:07,733 [WARN] DbBoards:130 - board STM32F769I-DISC1 has no document id list !
2021-01-29 19:19:07,734 [WARN] DbBoards:130 - board STM32L-DISCOVERY has no document id list !
2021-01-29 19:19:07,735 [WARN] DbBoards:130 - board STM32H747I-DISC1 has no document id list !
2021-01-29 19:19:07,735 [WARN] DbBoards:130 - board STM32MP157A-DK1 has no document id list !
2021-01-29 19:19:07,737 [WARN] DbBoards:130 - board P-NUCLEO-WB55-Nucleo has no document id list !
2021-01-29 19:19:07,737 [WARN] DbBoards:130 - board P-NUCLEO-WB55-USBDongle has no document id list !
2021-01-29 19:19:07,738 [WARN] DbBoards:130 - board NUCLEO-WB35CE has no document id list !
2021-01-29 19:19:07,738 [WARN] DbBoards:130 - board STM32H743I-EVAL2 has no document id list !
2021-01-29 19:19:07,739 [WARN] DbBoards:130 - board STM32H753I-EVAL2 has no document id list !
2021-01-29 19:19:07,740 [WARN] DbBoards:130 - board STM32G474E-EVAL1 has no document id list !
2021-01-29 19:19:07,741 [WARN] DbBoards:130 - board NUCLEO-H743ZI2 has no document id list !
2021-01-29 19:19:09,768 [ERROR] DbBoards:192 - Image file not found for board B-L4S5I-IOT01A: /Applications/STM32CubeIDE.app/Contents/Eclipse/plugins/com.st.stm32cube.common.mx_5.6.0.202002181639//db//plugins/mcufinder/images/boards/B-L4S5I-IOT01A_small.jpg
2021-01-29 19:19:09,768 [ERROR] DbBoards:192 - Image file not found for board STM32H735G-DK: /Applications/STM32CubeIDE.app/Contents/Eclipse/plugins/com.st.stm32cube.common.mx_5.6.0.202002181639//db//plugins/mcufinder/images/boards/STM32H735G_DK_small.jpg
2021-01-29 19:19:09,769 [INFO] ApiDb:147 - User favorites file not found: /Users/hongdeyu/.stm32cubeide/favorites.boards.txt
2021-01-29 19:19:09,769 [INFO] DbBoards:209 - Set 0 / 0 favorites Boards
2021-01-29 19:19:09,892 [INFO] LoadUrlFilesThread:161 - End of LoadServerUrlFiles without Thread
2021-01-29 19:19:09,893 [INFO] BoardDetailPanel:180 - Set advertising image to /Users/hongdeyu/STM32Cube/Repository//ST19914_PR_ZETA_Alliance_0121_web.jpg
2021-01-29 19:19:09,933 [INFO] BoardFilterPanel:211 - Update 0 favorites Boards
2021-01-29 19:19:10,032 [INFO] CrossSelectorPresenter:1319 - Cross Selector saved comparison directory: /Users/hongdeyu/.stmcufinder/plugins/mcufinder/mcu/cs_comparisons_mx
2021-01-29 19:19:53,195 [INFO] DbMcusDocs:142 - JSON generation date=Wed Jan 20 17:17:20 CST 2021 (1611134240)
2021-01-29 19:19:53,475 [INFO] DbMcusDocs:77 - Found 614 MCUs documents
2021-01-29 19:20:41,868 [INFO] LogOutputStream:76 - [STDOUT_REDIRECT] withoutVersionV1.25.2
2021-01-29 19:20:41,869 [INFO] LogOutputStream:76 - [STDOUT_REDIRECT] withoutVersionV1.25.1
2021-01-29 19:20:41,869 [INFO] LogOutputStream:76 - [STDOUT_REDIRECT] withoutVersionV1.25.0
2021-01-29 19:20:43,613 [INFO] LogOutputStream:76 - [STDOUT_REDIRECT] File copied successfully!!
2021-01-29 19:20:45,665 [INFO] MainUpdater:2230 - connection check result : 10
2021-01-29 19:20:46,071 [INFO] MicroXplorer:390 - Change Database Path : 
2021-01-29 19:20:46,071 [INFO] MicroXplorer:420 - Change Database Version : DB.5.0.60
2021-01-29 19:20:46,076 [INFO] PinOutPanel:1420 - setPackage(No Configuration,No Configuration)
2021-01-29 19:20:46,078 [INFO] UtilMem:74 - Begin LoadConfig() Used Memory: 382496280 Bytes (595591168)
2021-01-29 19:20:46,079 [INFO] OpenFileManager:274 - Change cursor
2021-01-29 19:20:50,115 [INFO] Rule:211 - rule SPDIFRX instance for mcu is applicable
2021-01-29 19:20:50,115 [INFO] Rule:211 - rule Rename Tracer Mode is applicable
2021-01-29 19:20:50,115 [INFO] Rule:211 - rule SPDIFRX instance value for IP SPDIFRX is applicable
2021-01-29 19:20:50,116 [INFO] Rule:211 - rule SPDIFRX instance for signal is applicable
2021-01-29 19:20:50,116 [INFO] Rule:211 - rule SPDIFRX instance for project manager is applicable
2021-01-29 19:20:50,116 [INFO] Rule:211 - rule SPDIFRX instance for project manager is applicable
2021-01-29 19:20:50,116 [INFO] Rule:211 - rule ADC Scan  fix with FW F7 is applicable
2021-01-29 19:20:50,116 [INFO] Rule:211 - rule ADC Scan  fix with FW F7 is applicable
2021-01-29 19:20:50,117 [INFO] Rule:211 - rule Add RTC Activate Clock Source is applicable
2021-01-29 19:20:50,117 [INFO] Rule:211 - rule Add RTC Activate Calendar 1 is applicable
2021-01-29 19:20:50,117 [INFO] Rule:211 - rule Add RTC Activate Calendar 2 is applicable
2021-01-29 19:20:50,117 [INFO] Rule:211 - rule Add RTC Activate Calendar 3 is applicable
2021-01-29 19:20:50,118 [INFO] Rule:211 - rule UART/USART TX Mode is applicable
2021-01-29 19:20:50,118 [INFO] Rule:211 - rule UART/USART RX Mode is applicable
2021-01-29 19:20:50,118 [INFO] Rule:211 - rule UART/USART RX TX Mode is applicable
2021-01-29 19:20:50,118 [INFO] Rule:211 - rule UART/USART PARITY NONE is applicable
2021-01-29 19:20:50,118 [INFO] Rule:211 - rule UART/USART PARITY EVEN is applicable
2021-01-29 19:20:50,118 [INFO] Rule:211 - rule UART/USART PARITY ODD is applicable
2021-01-29 19:20:50,119 [INFO] Rule:211 - rule USART StopBits 1 is applicable
2021-01-29 19:20:50,119 [INFO] Rule:211 - rule USART StopBits 2 is applicable
2021-01-29 19:20:50,119 [INFO] Rule:211 - rule USART StopBits 1.5 is applicable
2021-01-29 19:20:50,119 [INFO] Rule:211 - rule USART StopBits 0.5 is applicable
2021-01-29 19:20:50,119 [INFO] Rule:211 - rule UART/USART WORD LENGTH 7 is applicable
2021-01-29 19:20:50,120 [INFO] Rule:211 - rule UART/USART WORD LENGTH 8 is applicable
2021-01-29 19:20:50,120 [INFO] Rule:211 - rule UART/USART WORD LENGTH 9 is applicable
2021-01-29 19:20:50,120 [INFO] Rule:211 - rule Rename FMC NAND NCE signal is applicable
2021-01-29 19:20:50,120 [INFO] Rule:211 - rule Rename FMC NAND INT signal is applicable
2021-01-29 19:20:50,120 [INFO] Rule:211 - rule Change Default Value for ADC ExternalTrigConv L4 family is applicable
2021-01-29 19:20:50,121 [INFO] Rule:211 - rule Change Default Value for ADC ExternalTrigInjecConv L4 family is applicable
2021-01-29 19:20:50,121 [INFO] Rule:211 - rule Change Default Value for ADC ExternalTrigConv F3 family is applicable
2021-01-29 19:20:50,121 [INFO] Rule:211 - rule Change Default Value for ADC ExternalTrigInjecConv F3 family is applicable
2021-01-29 19:20:50,121 [INFO] Rule:211 - rule Change Default Value for ADC ExternalTrigConv Goldfish serie is applicable
2021-01-29 19:20:50,122 [INFO] Rule:211 - rule Change Default Value for ADC ExternalTrigInjecConv Goldfish serie is applicable
2021-01-29 19:20:50,122 [INFO] Rule:211 - rule Change Default Value for ADC ExternalTrigConv L0 family is applicable
2021-01-29 19:20:50,122 [INFO] Rule:211 - rule Change Default Value for ADC ExternalTrigConv F0 family is applicable
2021-01-29 19:20:50,122 [INFO] Rule:211 - rule Change Default Value for ADC ExternalTrigConvn L1 family is applicable
2021-01-29 19:20:50,123 [INFO] Rule:211 - rule Change Default Value for ADC ExternalTrigInjecConv L1 family is applicable
2021-01-29 19:20:50,124 [INFO] Rule:211 - rule Change Default Value for ADC ExternalTrigConv F1 family is applicable
2021-01-29 19:20:50,124 [INFO] Rule:211 - rule Change Default Value for ADC ExternalTrigInjecConv F1 family is applicable
2021-01-29 19:20:50,124 [INFO] Rule:211 - rule Change Default Value for ADC ExternalTrigConv F7 family is applicable
2021-01-29 19:20:50,124 [INFO] Rule:211 - rule Change Default Value for ADC ExternalTrigInjecConv F7 family is applicable
2021-01-29 19:20:50,124 [INFO] Rule:211 - rule Change Default Value for ADC ExternalTrigConv F4 and F2 family is applicable
2021-01-29 19:20:50,124 [INFO] Rule:211 - rule Change Default Value for ADC ExternalTrigInjecConv F4 and F2 family is applicable
2021-01-29 19:20:50,124 [INFO] Rule:211 - rule ADC SamplingTime fix with FW L0  is applicable
2021-01-29 19:20:50,124 [INFO] Rule:211 - rule ADC SamplingTime fix with FW L0  is applicable
2021-01-29 19:20:50,125 [INFO] Rule:211 - rule ADC SamplingTime fix with FW L0 is applicable
2021-01-29 19:20:50,125 [INFO] Rule:211 - rule ADC SamplingTime fix with FW L0 is applicable
2021-01-29 19:20:50,125 [INFO] Rule:211 - rule ADC SamplingTime fix with FW L0  is applicable
2021-01-29 19:20:50,125 [INFO] Rule:211 - rule ADC SamplingTime fix with FW L0 is applicable
2021-01-29 19:20:50,125 [INFO] Rule:211 - rule Rename USB_OE Signal is applicable
2021-01-29 19:20:50,125 [INFO] Rule:211 - rule Rename Activate_OE Mode is applicable
2021-01-29 19:20:50,125 [INFO] Rule:211 - rule Rename DIE462/DIE415 pin PC14/OSC32_IN -> PC14-OSC32_IN (PC14) is applicable
2021-01-29 19:20:50,126 [INFO] Rule:211 - rule Rename DIE462/DIE415 pin PC15/OSC32_OUT -> PC15-OSC32_OUT (PC15) is applicable
2021-01-29 19:20:50,126 [INFO] Rule:211 - rule Rename DIE462/DIE415 pin PH0/OSC_IN -> PH0-OSC_IN (PH0) is applicable
2021-01-29 19:20:50,126 [INFO] Rule:211 - rule Rename DIE462/DIE415 pin PH1/OSC_OUT -> PH1-OSC_OUT (PH1) is applicable
2021-01-29 19:20:50,126 [INFO] Rule:211 - rule Rename DIE462 pin PA13 -> PA13 (JTMS/SWDIO) is applicable
2021-01-29 19:20:50,126 [INFO] Rule:211 - rule Rename DIE415 pin PA13 -> PA13 (JTMS/SWDIO) is applicable
2021-01-29 19:20:50,126 [INFO] Rule:211 - rule Rename DIE462 pin PA14 -> PA14 (JTCK/SWCLK) is applicable
2021-01-29 19:20:50,126 [INFO] Rule:211 - rule Rename DIE415 pin PA14 -> PA14 (JTCK/SWCLK) is applicable
2021-01-29 19:20:50,126 [INFO] Rule:211 - rule Rename DIE462/DIE415 pin PA15 -> PA15 (JTDI) is applicable
2021-01-29 19:20:50,127 [INFO] Rule:211 - rule Rename DIE462 pin PB3 -> PB3 (JTD0/TRACESWO) is applicable
2021-01-29 19:20:50,127 [INFO] Rule:211 - rule Rename DIE415 pin PB3 -> PB3 (JTD0-TRACESWO) is applicable
2021-01-29 19:20:50,127 [INFO] Rule:211 - rule Rename DIE462/DIE415 pin PB4 -> PB4 (NJTRST) is applicable
2021-01-29 19:20:50,127 [INFO] Rule:211 - rule Rename DIE462 pin PH3/BOOT0 -> PH3-BOOT0 (BOOT0) is applicable
2021-01-29 19:20:50,128 [INFO] Rule:211 - rule Rename CRYP DataEncryptionTypesList to Algorithm is applicable
2021-01-29 19:20:50,128 [INFO] Rule:211 - rule Rename AES DataEncryptionTypesList to Algorithm is applicable
2021-01-29 19:20:50,128 [INFO] Rule:211 - rule Rename TDESECB to CRYP_TDES_ECB is applicable
2021-01-29 19:20:50,128 [INFO] Rule:211 - rule Rename TDESCBC to CRYP_TDES_CBC is applicable
2021-01-29 19:20:50,128 [INFO] Rule:211 - rule Rename DESECB to CRYP_DES_ECB is applicable
2021-01-29 19:20:50,128 [INFO] Rule:211 - rule Rename DESCBC to CRYP_DES_CBC is applicable
2021-01-29 19:20:50,129 [INFO] Rule:211 - rule Rename AESECB to CRYP_AES_ECB is applicable
2021-01-29 19:20:50,129 [INFO] Rule:211 - rule Rename AESCBC to CRYP_AES_CBC is applicable
2021-01-29 19:20:50,129 [INFO] Rule:211 - rule Rename AESCTR to CRYP_AES_CTR is applicable
2021-01-29 19:20:50,129 [INFO] Rule:211 - rule Rename AESGCM to CRYP_AES_GCM is applicable
2021-01-29 19:20:50,129 [INFO] Rule:211 - rule Rename AESCCM to CRYP_AES_CCM is applicable
2021-01-29 19:20:50,129 [INFO] Rule:211 - rule Rename CAN TimeSeg1 to BS1 is applicable
2021-01-29 19:20:50,130 [INFO] Rule:211 - rule Rename CAN TimeSeg2 to BS2 is applicable
2021-01-29 19:20:50,130 [INFO] Rule:211 - rule Rename CAN SyncJumpWidth to SJW is applicable
2021-01-29 19:20:50,130 [INFO] Rule:211 - rule TimeTriggeredMode to TTCM is applicable
2021-01-29 19:20:50,130 [INFO] Rule:211 - rule Rename CAN AutoBusOff to ABOM is applicable
2021-01-29 19:20:50,130 [INFO] Rule:211 - rule Rename CAN AutoWakeUp to AWUM is applicable
2021-01-29 19:20:50,130 [INFO] Rule:211 - rule Rename CAN AutoRetransmission to NART is applicable
2021-01-29 19:20:50,130 [INFO] Rule:211 - rule Rename CAN ReceiveFifoLocked to RFLM is applicable
2021-01-29 19:20:50,131 [INFO] Rule:211 - rule Rename CAN TransmitFifoPriority to TXFP is applicable
2021-01-29 19:20:50,131 [INFO] Rule:211 - rule Rename HRTIMER HRTIM_OUTPUTFAULTLEVEL_HIGH in HRTIMER HRTIM_OUTPUTFAULTLEVEL_HIGHZ is applicable
2021-01-29 19:20:50,131 [INFO] Rule:211 - rule Rename TIMER TIM_CLEARINPUTSOURCE_OCREFCLR in  TIMER TIM_CLEARINPUTSOURCE_NONE for F7 family is applicable
2021-01-29 19:20:50,131 [INFO] Rule:211 - rule FDCAN_R1 - Rename FDCAN mode Master into Classic is applicable
2021-01-29 19:20:50,131 [INFO] Rule:211 - rule FDCAN_R2 - Rename FDCAN mode Slave into Classic is applicable
2021-01-29 19:20:50,131 [INFO] Rule:211 - rule FDCAN1_R3 - if PA10.Mode=FullDuplex, add Pin PA12 is applicable
2021-01-29 19:20:50,132 [INFO] Rule:211 - rule FDCAN1_R3 - if PA9.Mode=FullDuplex, add Pin PA11 is applicable
2021-01-29 19:20:50,132 [INFO] Rule:211 - rule FDCAN1_R3 - Alternatepin_1 - if PE1.Mode=FullDuplex, add Pin PB9 is applicable
2021-01-29 19:20:50,132 [INFO] Rule:211 - rule FDCAN1_R3 - Alternatepin_1 - if PE0.Mode=FullDuplex, add Pin PB8 is applicable
2021-01-29 19:20:50,132 [INFO] Rule:211 - rule FDCAN1_R3 - Alternatepin_2 - if PD5.Mode=FullDuplex, add Pin PD1 is applicable
2021-01-29 19:20:50,132 [INFO] Rule:211 - rule FDCAN1_R3 - Alternatepin_2 - if PD4.Mode=FullDuplex, add Pin PD0 is applicable
2021-01-29 19:20:50,132 [INFO] Rule:211 - rule FDCAN1_R4 - Rename Mode FullDuplex into Enable FDCAN_TXFD for pin PA10 is applicable
2021-01-29 19:20:50,132 [INFO] Rule:211 - rule FDCAN1_R4 - Rename Mode FullDuplex into Enable FDCAN_TXFD for pin PA9 is applicable
2021-01-29 19:20:50,133 [INFO] Rule:211 - rule FDCAN1_R4 - Alternatepin_1 - Rename Mode FullDuplex into Enable FDCAN_TXFD for pin PE1 is applicable
2021-01-29 19:20:50,133 [INFO] Rule:211 - rule FDCAN1_R4 - Alternatepin_1 - Rename Mode FullDuplex into Enable FDCAN_TXFD for pin PE0 is applicable
2021-01-29 19:20:50,133 [INFO] Rule:211 - rule FDCAN1_R4 - Alternatepin_2 - Rename Mode FullDuplex into Enable FDCAN_TXFD for pin PD5 is applicable
2021-01-29 19:20:50,133 [INFO] Rule:211 - rule FDCAN1_R4 - Alternatepin_2 - Rename Mode FullDuplex into Enable FDCAN_TXFD for pin PD4 is applicable
2021-01-29 19:20:50,133 [INFO] Rule:211 - rule FDCAN2_R3 - if PD10.Mode=FullDuplex, add Pin PB13 is applicable
2021-01-29 19:20:50,134 [INFO] Rule:211 - rule FDCAN2_R3 - if PD9.Mode=FullDuplex, add Pin PB12 is applicable
2021-01-29 19:20:50,134 [INFO] Rule:211 - rule FDCAN2_R3 - Alternatepin_1 - if PB7.Mode=FullDuplex, add Pin PB6 is applicable
2021-01-29 19:20:50,134 [INFO] Rule:211 - rule FDCAN2_R3 - Alternatepin_1 - if PD9.Mode=FullDuplex, add Pin PB12 is applicable
2021-01-29 19:20:50,134 [INFO] Rule:211 - rule FDCAN2_R4 - Rename Mode FullDuplex into Enable FDCAN_TXFD for pin PD10 is applicable
2021-01-29 19:20:50,134 [INFO] Rule:211 - rule FDCAN2_R4 - Rename Mode FullDuplex into Enable FDCAN_TXFD for pin PD9 is applicable
2021-01-29 19:20:50,135 [INFO] Rule:211 - rule FDCAN2_R4 - Alternatepin_1 - Rename Mode FullDuplex into Enable FDCAN_TXFD for pin PB7 is applicable
2021-01-29 19:20:50,135 [INFO] Rule:211 - rule FDCAN2_R4 - Alternatepin_1 - Rename Mode FullDuplex into Enable FDCAN_TXFD for pin PD6 is applicable
2021-01-29 19:20:50,135 [INFO] Rule:211 - rule USART TxPinLevelInvertParam Mode is applicable
2021-01-29 19:20:50,135 [INFO] Rule:211 - rule USART RxPinLevelInvertParam Mode is applicable
2021-01-29 19:20:50,135 [INFO] Rule:211 - rule USART DataInvertParam Mode is applicable
2021-01-29 19:20:50,135 [INFO] Rule:211 - rule USART SwapParam Mode is applicable
2021-01-29 19:20:50,136 [INFO] Rule:211 - rule USART OverrunDisableParam Mode is applicable
2021-01-29 19:20:50,136 [INFO] Rule:211 - rule USART DMADisableonRxErrorParam Mode is applicable
2021-01-29 19:20:50,136 [INFO] Rule:211 - rule USART MSBFirstParam Mode is applicable
2021-01-29 19:20:50,136 [INFO] Rule:211 - rule Update MwName for USB_DEVICE is applicable
2021-01-29 19:20:50,136 [INFO] Rule:211 - rule Change PWR_Regulator_Voltage_Scale Default Value for RCC  H7 family is applicable
2021-01-29 19:20:50,136 [INFO] Rule:211 - rule UART/USART IPParameter rename Prescaler parameter to ClockPrescaler is applicable
2021-01-29 19:20:50,136 [INFO] Rule:211 - rule UART/USART Prescaler rename Prescaler parameter to ClockPrescaler is applicable
2021-01-29 19:20:50,136 [INFO] Rule:211 - rule TIM1CLockSelection is applicable
2021-01-29 19:20:50,136 [INFO] Rule:211 - rule TIM15CLockSelection is applicable
2021-01-29 19:20:50,136 [INFO] Rule:211 - rule align RCC SDMMC3CLockSelection default value on MP1 is applicable
2021-01-29 19:20:50,137 [INFO] Rule:211 - rule align RCC SDMMC12CLockSelection default value on MP1 is applicable
2021-01-29 19:20:50,137 [INFO] Rule:211 - rule align RCC QSPICLockSelection default value on MP1 is applicable
2021-01-29 19:20:50,137 [INFO] Rule:211 - rule align RCC QSPICLockSelection default value on MP1 is applicable
2021-01-29 19:20:50,137 [INFO] Rule:211 - rule align RCC SPI6CLockSelection default value on MP1 is applicable
2021-01-29 19:20:50,137 [INFO] Rule:211 - rule align RCC LPTIM23CLockSelection default value on MP1 is applicable
2021-01-29 19:20:50,137 [INFO] Rule:211 - rule align RCC LPTIM1CLockSelection default value on MP1 is applicable
2021-01-29 19:20:50,137 [INFO] Rule:211 - rule align RCC USART1CLockSelection default value on MP1 is applicable
2021-01-29 19:20:50,138 [INFO] Rule:211 - rule align RCC USART24CLockSelection default value on MP1 is applicable
2021-01-29 19:20:50,138 [INFO] Rule:211 - rule align RCC USART6CLockSelection default value on MP1 is applicable
2021-01-29 19:20:50,138 [INFO] Rule:211 - rule align RCC UART78CLockSelection default value on MP1 is applicable
2021-01-29 19:20:50,138 [INFO] Rule:211 - rule align RCC USART35CLockSelection default value on MP1 is applicable
2021-01-29 19:20:50,138 [INFO] Rule:211 - rule align RCC SPI45CLockSelection default value on MP1 is applicable
2021-01-29 19:20:50,138 [INFO] Rule:211 - rule align RCC I2C46CLockSelection BCLK value on MP1 is applicable
2021-01-29 19:20:50,138 [INFO] Rule:211 - rule align RCC SPI45CLockSelection default value on MP1 is applicable
2021-01-29 19:20:50,138 [INFO] Rule:211 - rule align RCC I2C12CLockSelection default value on MP1 is applicable
2021-01-29 19:20:50,138 [INFO] Rule:211 - rule align RCC I2C35CLockSelection default value on MP1 is applicable
2021-01-29 19:20:50,139 [INFO] Rule:211 - rule align RCC LPTIM45CLockSelection default value on MP1 is applicable
2021-01-29 19:20:50,139 [INFO] Rule:211 - rule Rename DCMI PIXCK signal is applicable
2021-01-29 19:20:50,139 [INFO] Rule:211 - rule Change Default Value for I2C46CLockSelection MP1 family is applicable
2021-01-29 19:20:50,139 [INFO] Rule:211 - rule Change Default Value for UART for G4, G0 and WB families is applicable
2021-01-29 19:20:50,139 [INFO] Rule:211 - rule Change Default Value for USART for G4, G0 and WB families is applicable
2021-01-29 19:20:50,139 [INFO] Rule:211 - rule Change Default Value for USART for G4 family is applicable
2021-01-29 19:20:50,139 [INFO] Rule:211 - rule Change USART1CLockSelection refparam name for MP1 is applicable
2021-01-29 19:20:50,139 [INFO] Rule:211 - rule Change USART2CLockSelection refparam name for MP1 is applicable
2021-01-29 19:20:50,139 [INFO] Rule:211 - rule Change USART3CLockSelection refparam name for MP1 is applicable
2021-01-29 19:20:50,139 [INFO] Rule:211 - rule Change UART4CLockSelection refparam name for MP1 is applicable
2021-01-29 19:20:50,140 [INFO] Rule:211 - rule Change UART5CLockSelection refparam name for MP1 is applicable
2021-01-29 19:20:50,140 [INFO] Rule:211 - rule Change LPUART1CLockSelection refparam name for MP1 is applicable
2021-01-29 19:20:50,140 [INFO] Rule:211 - rule Change LPTIM1CLockSelection refparam name for MP1 is applicable
2021-01-29 19:20:50,140 [INFO] Rule:211 - rule Change LPTIM2CLockSelection refparam name for MP1 is applicable
2021-01-29 19:20:50,140 [INFO] Rule:211 - rule Change RCC_MCO1Source refparam name for MP1 is applicable
2021-01-29 19:20:50,141 [INFO] Rule:211 - rule Change LSCOSource1 refparam name for MP1 is applicable
2021-01-29 19:20:50,141 [INFO] Rule:211 - rule Change SMPSCLockSelection refparam name for MP1 is applicable
2021-01-29 19:20:50,141 [INFO] Rule:211 - rule Change LPTIM3CLockSelection refparam name for MP1 is applicable
2021-01-29 19:20:50,141 [INFO] Rule:211 - rule Change MPCBB* Default Template Mode to Parameters is applicable
2021-01-29 19:20:50,141 [INFO] Rule:211 - rule Change MPCWM* or MPCBB* Secure Mode to Parameters is applicable
2021-01-29 19:20:50,141 [INFO] Rule:211 - rule Change MPCWM* or MPCBB* No Secure Mode to Parameters is applicable
2021-01-29 19:20:50,142 [INFO] Rule:211 - rule Change TZSC IP Secure Mode to Parameters is applicable
2021-01-29 19:20:50,142 [INFO] Rule:211 - rule Change TZSC IP No Secure Mode to Parameters is applicable
2021-01-29 19:20:50,142 [INFO] Rule:211 - rule Change TZSC IP Privilege Mode to Parameters is applicable
2021-01-29 19:20:50,142 [INFO] Rule:211 - rule Change TZSC IP No Privilege Mode to Parameters is applicable
2021-01-29 19:20:50,142 [INFO] Rule:211 - rule Change TZIC IT Secure Mode to Parameters is applicable
2021-01-29 19:20:50,143 [INFO] Rule:211 - rule Change TZIC IT No Secure Mode to Parameters is applicable
2021-01-29 19:20:50,143 [INFO] Rule:211 - rule Add MPCBB1_NonSecureArea_Start_Address value with referenced to MPCBB1_NonSecureArea_Start value is applicable
2021-01-29 19:20:50,143 [INFO] Rule:211 - rule Add MPCBB2_NonSecureArea_Start_Address value with referenced to MPCBB2_NonSecureArea_Start value is applicable
2021-01-29 19:20:50,143 [INFO] Rule:211 - rule Add MPCWM1_NonSecureArea*_Start_Address value with referenced to MPCWM1_NonSecureArea*_Start value is applicable
2021-01-29 19:20:50,144 [INFO] Rule:211 - rule Add MPCWM2_NonSecureArea*_Start_Address value with referenced to MPCWM2_NonSecureArea*_Start value is applicable
2021-01-29 19:20:50,144 [INFO] Rule:211 - rule Add MPCWM3_NonSecureArea_Start_Address value with referenced to MPCWM3_NonSecureArea_Start value is applicable
2021-01-29 19:20:50,144 [INFO] Rule:211 - rule Change Default Value for PLL1UserDefinedConfig is applicable
2021-01-29 19:20:50,144 [INFO] Rule:211 - rule Change GPIO_PuPd Default Value for USART in async mode is applicable
2021-01-29 19:20:50,144 [INFO] Rule:211 - rule Change SMPSDivider Default Value is applicable
2021-01-29 19:20:50,187 [INFO] DbConfProperties:294 - Apply Compatibility (47/173 Rules)
2021-01-29 19:20:50,221 [INFO] ImportTextPane:162 - (OptionalMessage_ERROR) Unable to find key (Mcu.ThirdPartyNb) in loaded IOC file
2021-01-29 19:20:50,319 [INFO] ImportTextPane:162 - (OptionalMessage_ERROR) IP (RCC) : Parameter (RTCHSEDivFreq_Value) has invalid value (4000000)
2021-01-29 19:20:50,732 [INFO] UtilMem:74 - End LoadConfig() Used Memory: 447136280 Bytes (595591168)
2021-01-29 19:20:50,770 [INFO] ThirdPartyDb:295 - Open Third Party DataBase File (/Users/hongdeyu/.stm32cubemx/plugins/thirdparty/db/thirdparties_db.xml) : 13 ms. number of Sw pack : 21
2021-01-29 19:20:51,124 [INFO] ThirdParty:899 - CMSIS Pack Vendor :STMicroelectronics X-CUBE-MEMS1 8.1.1
2021-01-29 19:20:51,124 [INFO] ThirdParty:899 - CMSIS Pack Vendor :STMicroelectronics X-CUBE-MEMS1 8.2.0
2021-01-29 19:20:51,124 [INFO] ThirdParty:899 - CMSIS Pack Vendor :STMicroelectronics X-CUBE-EEPRMA1 3.0.0
2021-01-29 19:20:51,124 [INFO] ThirdParty:899 - CMSIS Pack Vendor :STMicroelectronics X-CUBE-SUBG2 3.0.1
2021-01-29 19:20:51,124 [INFO] ThirdParty:899 - CMSIS Pack Vendor :STMicroelectronics FreeRTOS 0.0.1
2021-01-29 19:20:51,124 [INFO] ThirdParty:899 - CMSIS Pack Vendor :STMicroelectronics X-CUBE-SUBG2 3.0.0
2021-01-29 19:20:51,124 [INFO] ThirdParty:899 - CMSIS Pack Vendor :STMicroelectronics X-CUBE-ALGOBUILD 1.1.0
2021-01-29 19:20:51,125 [INFO] ThirdParty:899 - CMSIS Pack Vendor :STMicroelectronics X-CUBE-GNSS1 5.0.0
2021-01-29 19:20:51,125 [INFO] ThirdParty:899 - CMSIS Pack Vendor :STMicroelectronics X-CUBE-GNSS1 5.1.0
2021-01-29 19:20:51,125 [INFO] ThirdParty:899 - CMSIS Pack Vendor :STMicroelectronics X-CUBE-SUBG2 2.0.0
2021-01-29 19:20:51,125 [INFO] ThirdParty:899 - CMSIS Pack Vendor :STMicroelectronics X-CUBE-BLE1 6.0.0
2021-01-29 19:20:51,125 [INFO] ThirdParty:899 - CMSIS Pack Vendor :STMicroelectronics X-CUBE-BLE1 6.1.0
2021-01-29 19:20:51,125 [INFO] ThirdParty:899 - CMSIS Pack Vendor :STMicroelectronics X-CUBE-SFXS2LP1 2.0.0
2021-01-29 19:20:51,125 [INFO] ThirdParty:899 - CMSIS Pack Vendor :STMicroelectronics X-CUBE-TOUCHGFX 4.15.0
2021-01-29 19:20:51,125 [INFO] ThirdParty:899 - CMSIS Pack Vendor :STMicroelectronics X-CUBE-AI 5.2.0
2021-01-29 19:20:51,125 [INFO] ThirdParty:899 - CMSIS Pack Vendor :STMicroelectronics X-CUBE-NFC4 2.0.1
2021-01-29 19:20:51,125 [INFO] ThirdParty:899 - CMSIS Pack Vendor :STMicroelectronics X-CUBE-BLE2 3.0.0
2021-01-29 19:20:51,125 [INFO] ThirdParty:899 - CMSIS Pack Vendor :STMicroelectronics X-CUBE-NFC4 2.0.0
2021-01-29 19:20:51,125 [INFO] ThirdParty:899 - CMSIS Pack Vendor :STMicroelectronics X-CUBE-TOUCHGFX 4.16.0
2021-01-29 19:20:51,126 [INFO] ThirdParty:899 - CMSIS Pack Vendor :STMicroelectronics X-CUBE-BLE2 3.1.0
2021-01-29 19:20:51,662 [INFO] PinOutPanel:1420 - setPackage(No Configuration,No Configuration)
2021-01-29 19:20:51,664 [INFO] PinOutPanel:1420 - setPackage(STM32F407VGTx,LQFP100)
2021-01-29 19:20:52,279 [INFO] UtilMem:74 - Before build in PCC Used Memory: 501435776 Bytes (595591168)
2021-01-29 19:20:52,979 [INFO] SharedServices:71 - Folder for power plug-in: /Users/hongdeyu/.stm32cubemx/plugins/power
2021-01-29 19:20:53,046 [INFO] SharedServices:71 - Folder for power plug-in: /Users/hongdeyu/.stm32cubemx/plugins/power
2021-01-29 19:20:53,111 [INFO] SharedServices:71 - Folder for power plug-in: /Users/hongdeyu/.stm32cubemx/plugins/power
2021-01-29 19:20:53,122 [INFO] SharedServices:71 - Folder for power plug-in: /Users/hongdeyu/.stm32cubemx/plugins/power
2021-01-29 19:20:53,403 [INFO] UtilMem:74 - After build in PCC Used Memory: 369197952 Bytes (595591168)
2021-01-29 19:20:53,441 [INFO] IPUIPlugin:65 - create IPUIPlugin
2021-01-29 19:20:53,442 [INFO] IPUIPlugin:65 - create IPUIPlugin
2021-01-29 19:20:53,442 [INFO] IPUIPlugin:65 - create IPUIPlugin
2021-01-29 19:20:53,442 [INFO] IPUIPlugin:65 - create IPUIPlugin
2021-01-29 19:20:53,443 [INFO] IPUIPlugin:65 - create IPUIPlugin
2021-01-29 19:20:53,443 [INFO] IPUIPlugin:65 - create IPUIPlugin
2021-01-29 19:20:53,444 [INFO] IPUIPlugin:65 - create IPUIPlugin
2021-01-29 19:20:53,444 [INFO] IPUIPlugin:65 - create IPUIPlugin
2021-01-29 19:20:53,444 [INFO] IPUIPlugin:65 - create IPUIPlugin
2021-01-29 19:20:53,445 [INFO] IPUIPlugin:65 - create IPUIPlugin
2021-01-29 19:20:53,445 [INFO] IPUIPlugin:65 - create IPUIPlugin
2021-01-29 19:20:53,446 [INFO] IPUIPlugin:65 - create IPUIPlugin
2021-01-29 19:20:53,446 [INFO] IPUIPlugin:65 - create IPUIPlugin
2021-01-29 19:20:53,446 [INFO] IPUIPlugin:65 - create IPUIPlugin
2021-01-29 19:20:53,447 [INFO] IPUIPlugin:65 - create IPUIPlugin
2021-01-29 19:20:53,447 [INFO] IPUIPlugin:65 - create IPUIPlugin
2021-01-29 19:20:53,448 [INFO] IPUIPlugin:65 - create IPUIPlugin
2021-01-29 19:20:53,448 [INFO] IPUIPlugin:65 - create IPUIPlugin
2021-01-29 19:20:53,449 [INFO] IPUIPlugin:65 - create IPUIPlugin
2021-01-29 19:20:53,449 [INFO] IPUIPlugin:65 - create IPUIPlugin
2021-01-29 19:20:53,449 [INFO] IPUIPlugin:65 - create IPUIPlugin
2021-01-29 19:20:53,449 [INFO] IPUIPlugin:65 - create IPUIPlugin
2021-01-29 19:20:53,450 [INFO] IPUIPlugin:65 - create IPUIPlugin
2021-01-29 19:20:53,450 [INFO] IPUIPlugin:65 - create IPUIPlugin
2021-01-29 19:20:53,450 [INFO] IPUIPlugin:65 - create IPUIPlugin
2021-01-29 19:20:53,450 [INFO] IPUIPlugin:65 - create IPUIPlugin
2021-01-29 19:20:53,450 [INFO] IPUIPlugin:65 - create IPUIPlugin
2021-01-29 19:20:53,450 [INFO] IPUIPlugin:65 - create IPUIPlugin
2021-01-29 19:20:53,451 [INFO] IPUIPlugin:65 - create IPUIPlugin
2021-01-29 19:20:53,451 [INFO] IPUIPlugin:65 - create IPUIPlugin
2021-01-29 19:20:53,451 [INFO] IPUIPlugin:65 - create IPUIPlugin
2021-01-29 19:20:53,451 [INFO] IPUIPlugin:65 - create IPUIPlugin
2021-01-29 19:20:53,451 [INFO] IPUIPlugin:65 - create IPUIPlugin
2021-01-29 19:20:53,451 [INFO] IPUIPlugin:65 - create IPUIPlugin
2021-01-29 19:20:53,451 [INFO] IPUIPlugin:65 - create IPUIPlugin
2021-01-29 19:20:53,452 [INFO] IPUIPlugin:65 - create IPUIPlugin
2021-01-29 19:20:53,452 [INFO] IPUIPlugin:65 - create IPUIPlugin
2021-01-29 19:20:53,452 [INFO] IPUIPlugin:65 - create IPUIPlugin
2021-01-29 19:20:53,452 [INFO] IPUIPlugin:65 - create IPUIPlugin
2021-01-29 19:20:53,452 [INFO] IPUIPlugin:65 - create IPUIPlugin
2021-01-29 19:20:53,452 [INFO] IPUIPlugin:65 - create IPUIPlugin
2021-01-29 19:20:53,452 [INFO] IPUIPlugin:65 - create IPUIPlugin
2021-01-29 19:20:53,452 [INFO] IPUIPlugin:65 - create IPUIPlugin
2021-01-29 19:20:53,453 [INFO] IPUIPlugin:65 - create IPUIPlugin
2021-01-29 19:20:53,453 [INFO] IPUIPlugin:65 - create IPUIPlugin
2021-01-29 19:20:53,453 [INFO] IPUIPlugin:65 - create IPUIPlugin
2021-01-29 19:20:53,453 [INFO] IPUIPlugin:65 - create IPUIPlugin
2021-01-29 19:20:53,453 [INFO] IPUIPlugin:65 - create IPUIPlugin
2021-01-29 19:20:53,453 [INFO] IPUIPlugin:65 - create IPUIPlugin
2021-01-29 19:20:53,453 [INFO] IPUIPlugin:65 - create IPUIPlugin
2021-01-29 19:20:53,454 [INFO] IPUIPlugin:65 - create IPUIPlugin
2021-01-29 19:20:53,454 [INFO] IPUIPlugin:65 - create IPUIPlugin
2021-01-29 19:20:53,454 [INFO] IPUIPlugin:65 - create IPUIPlugin
2021-01-29 19:20:53,454 [INFO] IPUIPlugin:65 - create IPUIPlugin
2021-01-29 19:20:53,455 [INFO] IPUIPlugin:65 - create IPUIPlugin
2021-01-29 19:20:53,455 [INFO] IPUIPlugin:65 - create IPUIPlugin
2021-01-29 19:20:53,455 [INFO] IPUIPlugin:65 - create IPUIPlugin
2021-01-29 19:20:53,456 [INFO] IPUIPlugin:65 - create IPUIPlugin
2021-01-29 19:20:53,473 [WARN] IP:1936 - I2C_Coeff_DF not found: check if there is a RefParameter without a condition.
2021-01-29 19:20:53,473 [WARN] IP:1936 - Analog_Filter not found: check if there is a RefParameter without a condition.
2021-01-29 19:20:53,500 [INFO] I2sManager:616 - 9.6E7
2021-01-29 19:20:53,501 [INFO] I2sManager:173 - I2S Clock Value : 9.6E7
2021-01-29 19:20:53,502 [INFO] I2sManager:510 - AudioClock : 93750Divider : 2Odd : 0
2021-01-29 19:20:53,533 [INFO] LogOutputStream:76 - [STDOUT_REDIRECT] toolchainItems.length=====1
2021-01-29 19:20:53,650 [INFO] OpenFileManager:294 - Restore cursor
2021-01-29 19:20:53,739 [WARN] IP:1936 - I2C_Coeff_DF not found: check if there is a RefParameter without a condition.
2021-01-29 19:20:53,739 [WARN] IP:1936 - Analog_Filter not found: check if there is a RefParameter without a condition.
2021-01-29 19:20:53,740 [WARN] IP:1936 - I2C_Coeff_DF not found: check if there is a RefParameter without a condition.
2021-01-29 19:20:53,741 [WARN] IP:1936 - Analog_Filter not found: check if there is a RefParameter without a condition.
2021-01-29 19:20:53,869 [INFO] ApiDbMcu:451 - Load IP Config File for USB_HOST
2021-01-29 19:20:54,212 [INFO] UtilMem:74 - End SaveConfig() Used Memory: 442065784 Bytes (595591168)
2021-01-29 19:20:54,525 [INFO] UtilMem:74 - End SaveConfig() Used Memory: 452551544 Bytes (595591168)
2021-01-29 19:20:55,453 [INFO] BlockDiagram:2671 - set Specific Code input for plugin: SPI
2021-01-29 19:20:55,453 [INFO] BlockDiagram:2671 - set Specific Code input for plugin: I2S
2021-01-29 19:20:55,453 [INFO] BlockDiagram:2671 - set Specific Code input for plugin: SYS
2021-01-29 19:20:55,454 [INFO] BlockDiagram:2671 - set Specific Code input for plugin: RCC
2021-01-29 19:20:55,454 [INFO] BlockDiagram:2671 - set Specific Code input for plugin: I2C
2021-01-29 19:20:55,454 [INFO] BlockDiagram:2671 - set Specific Code input for plugin: USB_OTG_FS
2021-01-29 19:20:55,454 [INFO] BlockDiagram:2671 - set Specific Code input for plugin: NVIC
2021-01-29 19:20:55,454 [INFO] BlockDiagram:2671 - set Specific Code input for plugin: USB_HOST
2021-01-29 19:20:55,455 [INFO] BlockDiagram:2671 - set Specific Code input for plugin: GPIO
2021-01-29 19:20:55,456 [INFO] CodeGenerator:603 - code generatio: config db path: /Applications/STM32CubeIDE.app/Contents/Eclipse/plugins/com.st.stm32cube.common.mx_5.6.0.202002181639//db/
2021-01-29 19:20:55,510 [WARN] IP:1936 - I2C_Coeff_DF not found: check if there is a RefParameter without a condition.
2021-01-29 19:20:55,523 [WARN] IP:1936 - Analog_Filter not found: check if there is a RefParameter without a condition.
2021-01-29 19:20:56,767 [INFO] CodeEngine:188 - oldGeneratedFile, /Users/hongdeyu/Desktop/DSP/DSP/MXTmpFiles/license.tmp_save
2021-01-29 19:20:57,340 [INFO] CodeEngine:206 - Generated code: /Users/hongdeyu/Desktop/DSP/DSP/MXTmpFiles/license.tmp
2021-01-29 19:20:57,523 [INFO] CodeEngine:188 - oldGeneratedFile, /Users/hongdeyu/Desktop/DSP/DSP/MXTmpFiles/gpio.tmp_save
2021-01-29 19:20:57,761 [INFO] CodeEngine:206 - Generated code: /Users/hongdeyu/Desktop/DSP/DSP/MXTmpFiles/gpio.tmp
2021-01-29 19:20:57,766 [INFO] LogOutputStream:76 - [STDOUT_REDIRECT] Command line test
2021-01-29 19:20:57,894 [INFO] CodeEngine:188 - oldGeneratedFile, /Users/hongdeyu/Desktop/DSP/DSP/MXTmpFiles/usb_otg_fs_vars.tmp_save
2021-01-29 19:20:58,024 [INFO] CodeEngine:206 - Generated code: /Users/hongdeyu/Desktop/DSP/DSP/MXTmpFiles/usb_otg_fs_vars.tmp
2021-01-29 19:20:58,036 [INFO] CodeEngine:188 - oldGeneratedFile, /Users/hongdeyu/Desktop/DSP/DSP/MXTmpFiles/usb_otg_fs_inc.tmp_save
2021-01-29 19:20:58,173 [INFO] CodeEngine:206 - Generated code: /Users/hongdeyu/Desktop/DSP/DSP/MXTmpFiles/usb_otg_fs_inc.tmp
2021-01-29 19:20:58,188 [INFO] CodeEngine:188 - oldGeneratedFile, /Users/hongdeyu/Desktop/DSP/DSP/MXTmpFiles/usb_otg_fs_HalInit.tmp_save
2021-01-29 19:20:58,406 [INFO] CodeEngine:206 - Generated code: /Users/hongdeyu/Desktop/DSP/DSP/MXTmpFiles/usb_otg_fs_HalInit.tmp
2021-01-29 19:20:58,504 [INFO] CodeEngine:188 - oldGeneratedFile, /Users/hongdeyu/Desktop/DSP/DSP/MXTmpFiles/usb_otg_fs_Msp.tmp_save
2021-01-29 19:20:58,938 [INFO] CodeEngine:206 - Generated code: /Users/hongdeyu/Desktop/DSP/DSP/MXTmpFiles/usb_otg_fs_Msp.tmp
2021-01-29 19:20:59,427 [INFO] LogOutputStream:76 - [STDOUT_REDIRECT] Command line
2021-01-29 19:20:59,428 [INFO] LogOutputStream:76 - [STDOUT_REDIRECT] Debug : prepare data for I2C
2021-01-29 19:20:59,429 [INFO] LogOutputStream:76 - [STDOUT_REDIRECT] Command line test
2021-01-29 19:20:59,430 [INFO] LogOutputStream:76 - [STDOUT_REDIRECT] Command line
2021-01-29 19:20:59,432 [INFO] LogOutputStream:76 - [STDOUT_REDIRECT] Debug : prepare data for I2S
2021-01-29 19:20:59,434 [INFO] LogOutputStream:76 - [STDOUT_REDIRECT] Command line test
2021-01-29 19:20:59,435 [INFO] LogOutputStream:76 - [STDOUT_REDIRECT] Command line
2021-01-29 19:20:59,436 [INFO] LogOutputStream:76 - [STDOUT_REDIRECT] Debug : prepare data for SPI
2021-01-29 19:20:59,436 [INFO] LogOutputStream:76 - [STDOUT_REDIRECT] Command line test
2021-01-29 19:20:59,438 [INFO] LogOutputStream:76 - [STDOUT_REDIRECT] Command line
2021-01-29 19:20:59,464 [INFO] CodeEngine:188 - oldGeneratedFile, /Users/hongdeyu/Desktop/DSP/DSP/USB_HOST/App/usb_host.c_save
2021-01-29 19:20:59,606 [INFO] CodeEngine:206 - Generated code: /Users/hongdeyu/Desktop/DSP/DSP/USB_HOST/App/usb_host.c
2021-01-29 19:20:59,614 [INFO] CodeEngine:188 - oldGeneratedFile, /Users/hongdeyu/Desktop/DSP/DSP/USB_HOST/App/usb_host.h_save
2021-01-29 19:20:59,783 [INFO] CodeEngine:206 - Generated code: /Users/hongdeyu/Desktop/DSP/DSP/USB_HOST/App/usb_host.h
2021-01-29 19:20:59,793 [INFO] CodeEngine:188 - oldGeneratedFile, /Users/hongdeyu/Desktop/DSP/DSP/USB_HOST/Target/usbh_conf.h_save
2021-01-29 19:20:59,993 [INFO] CodeEngine:206 - Generated code: /Users/hongdeyu/Desktop/DSP/DSP/USB_HOST/Target/usbh_conf.h
2021-01-29 19:21:00,005 [INFO] CodeEngine:188 - oldGeneratedFile, /Users/hongdeyu/Desktop/DSP/DSP/USB_HOST/Target/usbh_conf.c_save
2021-01-29 19:21:00,131 [INFO] CodeEngine:206 - Generated code: /Users/hongdeyu/Desktop/DSP/DSP/USB_HOST/Target/usbh_conf.c
2021-01-29 19:21:00,140 [INFO] CodeEngine:188 - oldGeneratedFile, /Users/hongdeyu/Desktop/DSP/DSP/USB_HOST/Target/usbh_platform.c_save
2021-01-29 19:21:00,262 [INFO] CodeEngine:206 - Generated code: /Users/hongdeyu/Desktop/DSP/DSP/USB_HOST/Target/usbh_platform.c
2021-01-29 19:21:00,272 [INFO] CodeEngine:188 - oldGeneratedFile, /Users/hongdeyu/Desktop/DSP/DSP/USB_HOST/Target/usbh_platform.h_save
2021-01-29 19:21:00,400 [INFO] CodeEngine:206 - Generated code: /Users/hongdeyu/Desktop/DSP/DSP/USB_HOST/Target/usbh_platform.h
2021-01-29 19:21:00,403 [INFO] LogOutputStream:76 - [STDOUT_REDIRECT] Debug : prepare data for NVIC
2021-01-29 19:21:00,403 [INFO] LogOutputStream:76 - [STDOUT_REDIRECT] Command line test
2021-01-29 19:21:00,418 [INFO] CodeEngine:188 - oldGeneratedFile, /Users/hongdeyu/Desktop/DSP/DSP/Core/Src/stm32f4xx_it.c_save
2021-01-29 19:21:00,664 [INFO] CodeEngine:206 - Generated code: /Users/hongdeyu/Desktop/DSP/DSP/Core/Src/stm32f4xx_it.c
2021-01-29 19:21:00,686 [INFO] CodeEngine:188 - oldGeneratedFile, /Users/hongdeyu/Desktop/DSP/DSP/Core/Inc/stm32f4xx_it.h_save
2021-01-29 19:21:00,964 [INFO] CodeEngine:206 - Generated code: /Users/hongdeyu/Desktop/DSP/DSP/Core/Inc/stm32f4xx_it.h
2021-01-29 19:21:00,991 [INFO] CodeEngine:188 - oldGeneratedFile, /Users/hongdeyu/Desktop/DSP/DSP/Core/Src/stm32f4xx_hal_msp.c_save
2021-01-29 19:21:01,372 [INFO] CodeEngine:206 - Generated code: /Users/hongdeyu/Desktop/DSP/DSP/Core/Src/stm32f4xx_hal_msp.c
2021-01-29 19:21:01,386 [INFO] CodeEngine:188 - oldGeneratedFile, /Users/hongdeyu/Desktop/DSP/DSP/MXTmpFiles/system.tmp_save
2021-01-29 19:21:01,567 [INFO] CodeEngine:206 - Generated code: /Users/hongdeyu/Desktop/DSP/DSP/MXTmpFiles/system.tmp
2021-01-29 19:21:01,580 [INFO] CodeEngine:188 - oldGeneratedFile, /Users/hongdeyu/Desktop/DSP/DSP/Core/Inc/stm32f4xx_hal_conf.h_save
2021-01-29 19:21:01,729 [INFO] CodeEngine:206 - Generated code: /Users/hongdeyu/Desktop/DSP/DSP/Core/Inc/stm32f4xx_hal_conf.h
2021-01-29 19:21:01,765 [WARN] IPConfigManager:2701 - IP not found : gpio
2021-01-29 19:21:01,766 [WARN] CodeGenerator:2649 - IP not found : gpio
2021-01-29 19:21:01,779 [INFO] CodeEngine:188 - oldGeneratedFile, /Users/hongdeyu/Desktop/DSP/DSP/Core/Inc/main.h_save
2021-01-29 19:21:02,070 [INFO] CodeEngine:206 - Generated code: /Users/hongdeyu/Desktop/DSP/DSP/Core/Inc/main.h
2021-01-29 19:21:02,078 [INFO] CodeEngine:188 - oldGeneratedFile, /Users/hongdeyu/Desktop/DSP/DSP/Core/Src/main.c_save
2021-01-29 19:21:02,437 [INFO] CodeEngine:206 - Generated code: /Users/hongdeyu/Desktop/DSP/DSP/Core/Src/main.c
2021-01-29 19:21:04,618 [INFO] ProjectBuilder:2002 - Time for Copy HAL[1] : 316mS.
2021-01-29 19:21:04,627 [INFO] ProjectBuilder:2727 - Project Generator version: 3.7.1
2021-01-29 19:21:05,728 [INFO] ConfigFileManager:1066 - The Die is : DIE413
2021-01-29 19:21:20,158 [INFO] ProjectBuilder:2894 - Time for Generating toolchain IDE Files: 15532mS.
2021-01-29 19:21:20,173 [INFO] ProjectBuilder:1878 - Time for Copy CMSIS : 1mS.
2021-01-29 19:21:20,178 [INFO] ProjectBuilder:1878 - Time for Copy CMSIS : 0mS.
2021-01-29 19:22:37,871 [ERROR] FreeRTOS:500 - Case being investigated as it may cause exception (when called to early by set config state
2021-01-29 19:22:37,892 [INFO] ApiDbMcu:451 - Load IP Config File for FREERTOS
2021-01-29 19:22:37,968 [ERROR] FreeRTOS:500 - Case being investigated as it may cause exception (when called to early by set config state
2021-01-29 19:22:37,978 [ERROR] FreeRTOS:500 - Case being investigated as it may cause exception (when called to early by set config state
2021-01-29 19:22:38,312 [ERROR] RtosPanel:515 - Can not restore the selected Tab for FREERTOS(A reason can be that the tab is no more available.)
2021-01-29 19:22:38,671 [ERROR] RtosPanel:515 - Can not restore the selected Tab for FREERTOS(A reason can be that the tab is no more available.)
2021-01-29 19:22:38,886 [ERROR] RtosPanel:515 - Can not restore the selected Tab for FREERTOS(A reason can be that the tab is no more available.)
2021-01-29 19:22:40,444 [WARN] BspModel:404 - BSP dependency skipped because of component: name='IOExpander', api='Unknown'
2021-01-29 19:22:54,151 [INFO] NvicIntPanel:88 - NVIC parent = com.st.microxplorer.plugins.ip.nvic.MultiNvicIntPanel[,0,0,0x0,invalid,layout=javax.swing.BoxLayout,alignmentX=0.0,alignmentY=0.0,border=,flags=9,maximumSize=,minimumSize=,preferredSize=]
2021-01-29 19:23:06,723 [INFO] UtilMem:74 - End SaveConfig() Used Memory: 761328240 Bytes (975175680)
2021-01-29 19:23:07,016 [INFO] UtilMem:74 - End SaveConfig() Used Memory: 784396912 Bytes (975175680)
2021-01-29 19:26:04,126 [INFO] BlockDiagram:2671 - set Specific Code input for plugin: SPI
2021-01-29 19:26:04,127 [INFO] BlockDiagram:2671 - set Specific Code input for plugin: FREERTOS
2021-01-29 19:26:04,127 [INFO] BlockDiagram:2671 - set Specific Code input for plugin: TIM1_8
2021-01-29 19:26:04,127 [INFO] BlockDiagram:2671 - set Specific Code input for plugin: I2S
2021-01-29 19:26:04,127 [INFO] BlockDiagram:2671 - set Specific Code input for plugin: SYS
2021-01-29 19:26:04,127 [INFO] BlockDiagram:2671 - set Specific Code input for plugin: RCC
2021-01-29 19:26:04,128 [INFO] BlockDiagram:2671 - set Specific Code input for plugin: I2C
2021-01-29 19:26:04,128 [INFO] BlockDiagram:2671 - set Specific Code input for plugin: RTC
2021-01-29 19:26:04,128 [INFO] BlockDiagram:2671 - set Specific Code input for plugin: NVIC
2021-01-29 19:26:04,128 [INFO] BlockDiagram:2671 - set Specific Code input for plugin: USART
2021-01-29 19:26:04,129 [INFO] BlockDiagram:2671 - set Specific Code input for plugin: GPIO
2021-01-29 19:26:04,129 [INFO] CodeGenerator:603 - code generatio: config db path: /Applications/STM32CubeIDE.app/Contents/Eclipse/plugins/com.st.stm32cube.common.mx_5.6.0.202002181639//db/
2021-01-29 19:26:04,174 [WARN] IP:1936 - I2C_Coeff_DF not found: check if there is a RefParameter without a condition.
2021-01-29 19:26:04,174 [WARN] IP:1936 - Analog_Filter not found: check if there is a RefParameter without a condition.
2021-01-29 19:26:04,850 [INFO] CodeEngine:188 - oldGeneratedFile, /Users/hongdeyu/Desktop/DSP/DSP/MXTmpFiles/license.tmp_save
2021-01-29 19:26:05,050 [INFO] CodeEngine:206 - Generated code: /Users/hongdeyu/Desktop/DSP/DSP/MXTmpFiles/license.tmp
2021-01-29 19:26:05,112 [INFO] CodeEngine:188 - oldGeneratedFile, /Users/hongdeyu/Desktop/DSP/DSP/MXTmpFiles/gpio.tmp_save
2021-01-29 19:26:05,224 [INFO] CodeEngine:206 - Generated code: /Users/hongdeyu/Desktop/DSP/DSP/MXTmpFiles/gpio.tmp
2021-01-29 19:26:06,137 [INFO] LogOutputStream:76 - [STDOUT_REDIRECT] Command line
2021-01-29 19:26:06,169 [INFO] Middleware:1103 - No code input for Bsp Dependency
2021-01-29 19:26:06,200 [INFO] CodeEngine:188 - oldGeneratedFile, /Users/hongdeyu/Desktop/DSP/DSP/MXTmpFiles/rtos_inc.tmp_save
2021-01-29 19:26:06,356 [INFO] CodeEngine:206 - Generated code: /Users/hongdeyu/Desktop/DSP/DSP/MXTmpFiles/rtos_inc.tmp
2021-01-29 19:26:06,368 [INFO] CodeEngine:188 - oldGeneratedFile, /Users/hongdeyu/Desktop/DSP/DSP/MXTmpFiles/rtos_kernelInit.tmp_save
2021-01-29 19:26:06,537 [INFO] CodeEngine:206 - Generated code: /Users/hongdeyu/Desktop/DSP/DSP/MXTmpFiles/rtos_kernelInit.tmp
2021-01-29 19:26:06,548 [INFO] CodeEngine:188 - oldGeneratedFile, /Users/hongdeyu/Desktop/DSP/DSP/MXTmpFiles/rtos_kernelStart.tmp_save
2021-01-29 19:26:06,655 [INFO] CodeEngine:206 - Generated code: /Users/hongdeyu/Desktop/DSP/DSP/MXTmpFiles/rtos_kernelStart.tmp
2021-01-29 19:26:06,669 [INFO] CodeEngine:188 - oldGeneratedFile, /Users/hongdeyu/Desktop/DSP/DSP/MXTmpFiles/rtos_typedefs.tmp_save
2021-01-29 19:26:06,884 [INFO] CodeEngine:206 - Generated code: /Users/hongdeyu/Desktop/DSP/DSP/MXTmpFiles/rtos_typedefs.tmp
2021-01-29 19:26:06,891 [INFO] CodeEngine:188 - oldGeneratedFile, /Users/hongdeyu/Desktop/DSP/DSP/MXTmpFiles/rtos_vars.tmp_save
2021-01-29 19:26:06,997 [INFO] CodeEngine:206 - Generated code: /Users/hongdeyu/Desktop/DSP/DSP/MXTmpFiles/rtos_vars.tmp
2021-01-29 19:26:07,013 [INFO] CodeEngine:188 - oldGeneratedFile, /Users/hongdeyu/Desktop/DSP/DSP/MXTmpFiles/rtos_pfp.tmp_save
2021-01-29 19:26:07,128 [INFO] CodeEngine:206 - Generated code: /Users/hongdeyu/Desktop/DSP/DSP/MXTmpFiles/rtos_pfp.tmp
2021-01-29 19:26:07,144 [INFO] CodeEngine:188 - oldGeneratedFile, /Users/hongdeyu/Desktop/DSP/DSP/MXTmpFiles/rtos_obj_creat.tmp_save
2021-01-29 19:26:07,284 [INFO] CodeEngine:206 - Generated code: /Users/hongdeyu/Desktop/DSP/DSP/MXTmpFiles/rtos_obj_creat.tmp
2021-01-29 19:26:07,300 [INFO] CodeEngine:188 - oldGeneratedFile, /Users/hongdeyu/Desktop/DSP/DSP/MXTmpFiles/rtos_default_thread.tmp_save
2021-01-29 19:26:07,457 [INFO] CodeEngine:206 - Generated code: /Users/hongdeyu/Desktop/DSP/DSP/MXTmpFiles/rtos_default_thread.tmp
2021-01-29 19:26:07,466 [INFO] CodeEngine:188 - oldGeneratedFile, /Users/hongdeyu/Desktop/DSP/DSP/MXTmpFiles/rtos_threads.tmp_save
2021-01-29 19:26:07,620 [INFO] CodeEngine:206 - Generated code: /Users/hongdeyu/Desktop/DSP/DSP/MXTmpFiles/rtos_threads.tmp
2021-01-29 19:26:07,647 [INFO] CodeEngine:188 - oldGeneratedFile, /Users/hongdeyu/Desktop/DSP/DSP/Core/Inc/FreeRTOSConfig.h_save
2021-01-29 19:26:07,832 [INFO] CodeEngine:206 - Generated code: /Users/hongdeyu/Desktop/DSP/DSP/Core/Inc/FreeRTOSConfig.h
2021-01-29 19:26:07,840 [INFO] CodeEngine:188 - oldGeneratedFile, /Users/hongdeyu/Desktop/DSP/DSP/Core/Src/freertos.c_save
2021-01-29 19:26:07,967 [INFO] CodeEngine:206 - Generated code: /Users/hongdeyu/Desktop/DSP/DSP/Core/Src/freertos.c
2021-01-29 19:26:07,968 [INFO] LogOutputStream:76 - [STDOUT_REDIRECT] Command line
2021-01-29 19:26:07,969 [INFO] LogOutputStream:76 - [STDOUT_REDIRECT] Debug : prepare data for I2C
2021-01-29 19:26:07,970 [INFO] LogOutputStream:76 - [STDOUT_REDIRECT] Command line test
2021-01-29 19:26:07,972 [INFO] LogOutputStream:76 - [STDOUT_REDIRECT] Command line
2021-01-29 19:26:07,973 [INFO] LogOutputStream:76 - [STDOUT_REDIRECT] Debug : prepare data for I2S
2021-01-29 19:26:07,973 [INFO] LogOutputStream:76 - [STDOUT_REDIRECT] Command line test
2021-01-29 19:26:07,975 [INFO] LogOutputStream:76 - [STDOUT_REDIRECT] Command line
2021-01-29 19:26:07,975 [INFO] LogOutputStream:76 - [STDOUT_REDIRECT] Debug : prepare data for RTC
2021-01-29 19:26:07,976 [INFO] LogOutputStream:76 - [STDOUT_REDIRECT] Command line test
2021-01-29 19:26:07,978 [INFO] LogOutputStream:76 - [STDOUT_REDIRECT] Command line
2021-01-29 19:26:07,979 [INFO] LogOutputStream:76 - [STDOUT_REDIRECT] Debug : prepare data for SPI
2021-01-29 19:26:07,979 [INFO] LogOutputStream:76 - [STDOUT_REDIRECT] Command line test
2021-01-29 19:26:07,981 [INFO] LogOutputStream:76 - [STDOUT_REDIRECT] Command line
2021-01-29 19:26:07,982 [INFO] LogOutputStream:76 - [STDOUT_REDIRECT] Debug : prepare data for TIM
2021-01-29 19:26:07,982 [INFO] LogOutputStream:76 - [STDOUT_REDIRECT] Command line test
2021-01-29 19:26:07,984 [INFO] LogOutputStream:76 - [STDOUT_REDIRECT] Command line
2021-01-29 19:26:07,995 [INFO] LogOutputStream:76 - [STDOUT_REDIRECT] Debug : prepare data for USART
2021-01-29 19:26:07,995 [INFO] LogOutputStream:76 - [STDOUT_REDIRECT] Command line test
2021-01-29 19:26:07,998 [INFO] LogOutputStream:76 - [STDOUT_REDIRECT] Debug : prepare data for NVIC
2021-01-29 19:26:07,999 [INFO] LogOutputStream:76 - [STDOUT_REDIRECT] Command line test
2021-01-29 19:26:08,019 [INFO] CodeEngine:188 - oldGeneratedFile, /Users/hongdeyu/Desktop/DSP/DSP/Core/Src/stm32f4xx_it.c_save
2021-01-29 19:26:08,294 [INFO] CodeEngine:206 - Generated code: /Users/hongdeyu/Desktop/DSP/DSP/Core/Src/stm32f4xx_it.c
2021-01-29 19:26:08,310 [INFO] CodeEngine:188 - oldGeneratedFile, /Users/hongdeyu/Desktop/DSP/DSP/Core/Inc/stm32f4xx_it.h_save
2021-01-29 19:26:08,624 [INFO] CodeEngine:206 - Generated code: /Users/hongdeyu/Desktop/DSP/DSP/Core/Inc/stm32f4xx_it.h
2021-01-29 19:26:08,646 [INFO] CodeEngine:188 - oldGeneratedFile, /Users/hongdeyu/Desktop/DSP/DSP/Core/Src/stm32f4xx_hal_msp.c_save
2021-01-29 19:26:09,064 [INFO] CodeEngine:206 - Generated code: /Users/hongdeyu/Desktop/DSP/DSP/Core/Src/stm32f4xx_hal_msp.c
2021-01-29 19:26:09,074 [INFO] CodeEngine:188 - oldGeneratedFile, /Users/hongdeyu/Desktop/DSP/DSP/MXTmpFiles/system.tmp_save
2021-01-29 19:26:09,242 [INFO] CodeEngine:206 - Generated code: /Users/hongdeyu/Desktop/DSP/DSP/MXTmpFiles/system.tmp
2021-01-29 19:26:09,267 [INFO] CodeEngine:188 - oldGeneratedFile, /Users/hongdeyu/Desktop/DSP/DSP/Core/Inc/stm32f4xx_hal_conf.h_save
2021-01-29 19:26:09,429 [INFO] CodeEngine:206 - Generated code: /Users/hongdeyu/Desktop/DSP/DSP/Core/Inc/stm32f4xx_hal_conf.h
2021-01-29 19:26:09,464 [WARN] IPConfigManager:2701 - IP not found : TIM
2021-01-29 19:26:09,465 [WARN] IPConfigManager:2701 - IP not found : gpio
2021-01-29 19:26:09,465 [WARN] CodeGenerator:2649 - IP not found : TIM
2021-01-29 19:26:09,466 [WARN] CodeGenerator:2649 - IP not found : gpio
2021-01-29 19:26:09,474 [INFO] CodeEngine:188 - oldGeneratedFile, /Users/hongdeyu/Desktop/DSP/DSP/Core/Inc/main.h_save
2021-01-29 19:26:09,685 [INFO] CodeEngine:206 - Generated code: /Users/hongdeyu/Desktop/DSP/DSP/Core/Inc/main.h
2021-01-29 19:26:09,702 [INFO] CodeEngine:188 - oldGeneratedFile, /Users/hongdeyu/Desktop/DSP/DSP/Core/Src/main.c_save
2021-01-29 19:26:10,060 [INFO] CodeEngine:206 - Generated code: /Users/hongdeyu/Desktop/DSP/DSP/Core/Src/main.c
2021-01-29 19:26:12,239 [INFO] ProjectBuilder:2002 - Time for Copy HAL[1] : 593mS.
2021-01-29 19:26:12,245 [INFO] ProjectBuilder:2727 - Project Generator version: 3.7.1
2021-01-29 19:26:13,064 [INFO] ConfigFileManager:1066 - The Die is : DIE413
2021-01-29 19:26:17,601 [INFO] ProjectBuilder:2894 - Time for Generating toolchain IDE Files: 5356mS.
2021-01-29 19:26:17,604 [INFO] ProjectBuilder:1878 - Time for Copy CMSIS : 1mS.
2021-01-29 19:26:17,613 [INFO] ProjectBuilder:1878 - Time for Copy CMSIS : 0mS.
2021-01-29 19:26:17,614 [INFO] ProjectBuilder:2130 - Suppression de : usb_host.h
2021-01-29 19:26:17,615 [INFO] ProjectBuilder:2130 - Suppression de : usb_host.c
2021-01-29 19:26:17,616 [INFO] ProjectBuilder:2130 - Suppression de : usbh_platform.h
2021-01-29 19:26:17,617 [INFO] ProjectBuilder:2130 - Suppression de : usbh_conf.h
2021-01-29 19:26:17,618 [INFO] ProjectBuilder:2130 - Suppression de : usbh_platform.c
2021-01-29 19:26:17,618 [INFO] ProjectBuilder:2130 - Suppression de : usbh_conf.c
2021-01-29 22:59:37,225 [INFO] LogOutputStream:76 - [STDOUT_REDIRECT] ***WARNING: Display must be created on main thread due to Cocoa restrictions. Use vmarg -XstartOnFirstThread
2021-01-29 22:59:37,229 [INFO] LogOutputStream:76 - [STDOUT_REDIRECT] ***WARNING: Display must be created on main thread due to Cocoa restrictions. Use vmarg -XstartOnFirstThread
2021-01-30 11:05:29,526 [INFO] Activator:176 - 


2021-01-30 11:05:29,530 [INFO] Activator:177 - !SESSION log4j initialized
2021-01-30 11:05:35,298 [ERROR] LogOutputStream:74 - [STDERR_REDIRECT] 
2021-02-01 11:50:16,141 [INFO] LogOutputStream:76 - [STDOUT_REDIRECT] ***WARNING: Display must be created on main thread due to Cocoa restrictions. Use vmarg -XstartOnFirstThread
2021-02-01 11:50:16,143 [INFO] LogOutputStream:76 - [STDOUT_REDIRECT] ***WARNING: Display must be created on main thread due to Cocoa restrictions. Use vmarg -XstartOnFirstThread
2021-02-01 12:25:03,295 [INFO] Activator:176 - 


2021-02-01 12:25:03,300 [INFO] Activator:177 - !SESSION log4j initialized
2021-02-01 12:25:08,840 [ERROR] LogOutputStream:74 - [STDERR_REDIRECT] 
2021-02-01 16:30:51,184 [INFO] LogOutputStream:76 - [STDOUT_REDIRECT] ***WARNING: Display must be created on main thread due to Cocoa restrictions. Use vmarg -XstartOnFirstThread
2021-02-01 16:30:51,194 [INFO] LogOutputStream:76 - [STDOUT_REDIRECT] ***WARNING: Display must be created on main thread due to Cocoa restrictions. Use vmarg -XstartOnFirstThread
2021-02-01 17:31:30,371 [INFO] Activator:176 - 


2021-02-01 17:31:30,378 [INFO] Activator:177 - !SESSION log4j initialized
2021-02-01 17:31:37,218 [ERROR] LogOutputStream:74 - [STDERR_REDIRECT] 
2021-02-01 17:33:08,202 [INFO] LogOutputStream:76 - [STDOUT_REDIRECT] ***WARNING: Display must be created on main thread due to Cocoa restrictions. Use vmarg -XstartOnFirstThread
2021-02-01 17:33:08,205 [INFO] LogOutputStream:76 - [STDOUT_REDIRECT] ***WARNING: Display must be created on main thread due to Cocoa restrictions. Use vmarg -XstartOnFirstThread
2021-02-14 12:32:38,013 [INFO] Activator:176 - 


2021-02-14 12:32:38,018 [INFO] Activator:177 - !SESSION log4j initialized
2021-02-14 12:34:11,804 [INFO] LogOutputStream:76 - [STDOUT_REDIRECT] ***WARNING: Display must be created on main thread due to Cocoa restrictions. Use vmarg -XstartOnFirstThread
2021-02-14 12:34:11,808 [INFO] LogOutputStream:76 - [STDOUT_REDIRECT] ***WARNING: Display must be created on main thread due to Cocoa restrictions. Use vmarg -XstartOnFirstThread
